<!DOCTYPE html PUBLIC "-//W3C//DTD XHTML 1.1//EN" "http://www.w3.org/TR/xhtml11/DTD/xhtml11.dtd">
<html xmlns="http://www.w3.org/1999/xhtml">
<head>
<meta http-equiv="content-type" content="text/html; charset=UTF-8"/>
<title>TestNG Report</title>
<style type="text/css">table {margin-bottom:10px;border-collapse:collapse;empty-cells:show}th,td {border:1px solid #009;padding:.25em .5em}th {vertical-align:bottom}td {vertical-align:top}table a {font-weight:bold}.stripe td {background-color: #E6EBF9}.num {text-align:right}.passedodd td {background-color: #3F3}.passedeven td {background-color: #0A0}.skippedodd td {background-color: #DDD}.skippedeven td {background-color: #CCC}.failedodd td,.attn {background-color: #F33}.failedeven td,.stripe .attn {background-color: #D00}.stacktrace {white-space:pre;font-family:monospace}.totop {font-size:85%;text-align:center;border-bottom:2px solid #000}.invisible {display:none}</style>
</head>
<body>
<table>
<tr><th>Test</th><th># Passed</th><th># Skipped</th><th># Failed</th><th>Time (ms)</th><th>Included Groups</th><th>Excluded Groups</th></tr>
<tr><th colspan="7">FREE CRM Application Test Automation Test Suite</th></tr>
<tr><td><a href="#t0">Free CRM App Test Cases</a></td><td class="num">6</td><td class="num attn">2</td><td class="num">0</td><td class="num">688,292</td><td></td><td></td></tr>
</table>
<table id='summary'><thead><tr><th>Class</th><th>Method</th><th>Start</th><th>Time (ms)</th></tr></thead><tbody><tr><th colspan="4">FREE CRM Application Test Automation Test Suite</th></tr></tbody><tbody id="t0"><tr><th colspan="4">Free CRM App Test Cases &#8212; failed (configuration methods)</th></tr><tr class="failedeven"><td rowspan="1">com.crm.qa.testcases.ContactPageTest</td><td><a href="#m0">setUp</a></td><td rowspan="1">1612782569621</td><td rowspan="1">603487</td></tr><tr><th colspan="4">Free CRM App Test Cases &#8212; skipped (configuration methods)</th></tr><tr class="skippedeven"><td rowspan="3">com.crm.qa.testcases.ContactPageTest</td><td><a href="#m1">setUp</a></td><td rowspan="1">1612783200156</td><td rowspan="1">0</td></tr><tr class="skippedeven"><td><a href="#m2">tearDown</a></td><td rowspan="2">1612783200156</td><td rowspan="2">0</td></tr><tr class="skippedeven"><td><a href="#m3">tearDown</a></td></tr><tr><th colspan="4">Free CRM App Test Cases &#8212; skipped</th></tr><tr class="skippedeven"><td rowspan="2">com.crm.qa.testcases.ContactPageTest</td><td><a href="#m4">validateCreateNewContact</a></td><td rowspan="1">1612783200156</td><td rowspan="1">0</td></tr><tr class="skippedeven"><td><a href="#m5">verifyContactlabel</a></td><td rowspan="1">1612783173119</td><td rowspan="1">0</td></tr><tr><th colspan="4">Free CRM App Test Cases &#8212; passed</th></tr><tr class="passedeven"><td rowspan="3">com.crm.qa.testcases.HomePageTest</td><td><a href="#m6">verifyContacrLink</a></td><td rowspan="1">1612783226085</td><td rowspan="1">1755</td></tr><tr class="passedeven"><td><a href="#m7">verifyHomePageTitleTest</a></td><td rowspan="1">1612782568828</td><td rowspan="1">27</td></tr><tr class="passedeven"><td><a href="#m8">veryUserNameTest</a></td><td rowspan="1">1612783196513</td><td rowspan="1">1914</td></tr><tr class="passedodd"><td rowspan="3">com.crm.qa.testcases.LoginPageTest</td><td><a href="#m9">crmLogoImageTest</a></td><td rowspan="1">1612783180740</td><td rowspan="1">1336</td></tr><tr class="passedodd"><td><a href="#m10">loginPageTitleTest</a></td><td rowspan="1">1612782553956</td><td rowspan="1">66</td></tr><tr class="passedodd"><td><a href="#m11">loginTest</a></td><td rowspan="1">1612783209336</td><td rowspan="1">3050</td></tr></tbody>
</table>
<h2>Free CRM App Test Cases</h2><h3 id="m0">com.crm.qa.testcases.ContactPageTest#setUp</h3><table class="result"><tr><th>Exception</th></tr><tr><td><div class="stacktrace">org.openqa.selenium.SessionNotCreatedException: session not created
from timeout: Timed out receiving message from renderer: 600.000
  (Session info: chrome=87.0.4280.141)
Build info: version: &apos;3.141.59&apos;, revision: &apos;e82be7d358&apos;, time: &apos;2018-11-14T08:17:03&apos;
System info: host: &apos;PARITAPATEL&apos;, ip: &apos;192.168.0.23&apos;, os.name: &apos;Windows 10&apos;, os.arch: &apos;amd64&apos;, os.version: &apos;10.0&apos;, java.version: &apos;1.8.0_261&apos;
Driver info: driver.version: ChromeDriver
remote stacktrace: Backtrace:
	Ordinal0 [0x009EC013+3194899]
	Ordinal0 [0x008D6021+2056225]
	Ordinal0 [0x0076F608+587272]
	Ordinal0 [0x007636EC+538348]
	Ordinal0 [0x00762A6F+535151]
	Ordinal0 [0x00762E45+536133]
	Ordinal0 [0x007627A5+534437]
	Ordinal0 [0x0076BBC9+572361]
	Ordinal0 [0x00762754+534356]
	Ordinal0 [0x00763475+537717]
	Ordinal0 [0x00762A6F+535151]
	Ordinal0 [0x00762E45+536133]
	Ordinal0 [0x007627A5+534437]
	Ordinal0 [0x00769EFE+564990]
	Ordinal0 [0x00762754+534356]
	Ordinal0 [0x00763475+537717]
	Ordinal0 [0x00762A6F+535151]
	Ordinal0 [0x00762E45+536133]
	Ordinal0 [0x007627A5+534437]
	Ordinal0 [0x00768186+557446]
	Ordinal0 [0x00762754+534356]
	Ordinal0 [0x00763475+537717]
	Ordinal0 [0x00762A6F+535151]
	Ordinal0 [0x00762E45+536133]
	Ordinal0 [0x007627A5+534437]
	Ordinal0 [0x007674A7+554151]
	Ordinal0 [0x00762754+534356]
	Ordinal0 [0x00763475+537717]
	Ordinal0 [0x00762A6F+535151]
	Ordinal0 [0x00762E45+536133]
	Ordinal0 [0x007627A5+534437]
	Ordinal0 [0x0075F06C+520300]
	Ordinal0 [0x00762754+534356]
	Ordinal0 [0x007625BF+533951]
	Ordinal0 [0x007623D3+533459]
	Ordinal0 [0x00770620+591392]
	Ordinal0 [0x00712A0C+207372]
	Ordinal0 [0x00711D0D+204045]
	Ordinal0 [0x0070FC1B+195611]
	Ordinal0 [0x006F3B7F+80767]
	Ordinal0 [0x006F4B4E+84814]
	Ordinal0 [0x006F4AD9+84697]
	Ordinal0 [0x008ECE64+2149988]
	GetHandleVerifier [0x00B5BE95+1400773]
	GetHandleVerifier [0x00B5BB61+1399953]
	GetHandleVerifier [0x00B631FA+1430314]
	GetHandleVerifier [0x00B5C69F+1402831]
	Ordinal0 [0x008E3D61+2112865]
	Ordinal0 [0x008EE5CB+2155979]
	Ordinal0 [0x008EE6F5+2156277]
	Ordinal0 [0x008FF26E+2224750]
	BaseThreadInitThunk [0x764BFA29+25]
	RtlGetAppContainerNamedObjectPath [0x772D75F4+228]
	RtlGetAppContainerNamedObjectPath [0x772D75C4+180]

	at org.openqa.selenium.remote.W3CHandshakeResponse.lambda$errorHandler$0(W3CHandshakeResponse.java:62)
	at org.openqa.selenium.remote.HandshakeResponse.lambda$getResponseFunction$0(HandshakeResponse.java:30)
	at org.openqa.selenium.remote.ProtocolHandshake.lambda$createSession$0(ProtocolHandshake.java:126)
	at java.util.stream.ReferencePipeline$3$1.accept(ReferencePipeline.java:193)
	at java.util.Spliterators$ArraySpliterator.tryAdvance(Spliterators.java:958)
	at java.util.stream.ReferencePipeline.forEachWithCancel(ReferencePipeline.java:126)
	at java.util.stream.AbstractPipeline.copyIntoWithCancel(AbstractPipeline.java:499)
	at java.util.stream.AbstractPipeline.copyInto(AbstractPipeline.java:486)
	at java.util.stream.AbstractPipeline.wrapAndCopyInto(AbstractPipeline.java:472)
	at java.util.stream.FindOps$FindOp.evaluateSequential(FindOps.java:152)
	at java.util.stream.AbstractPipeline.evaluate(AbstractPipeline.java:234)
	at java.util.stream.ReferencePipeline.findFirst(ReferencePipeline.java:464)
	at org.openqa.selenium.remote.ProtocolHandshake.createSession(ProtocolHandshake.java:128)
	at org.openqa.selenium.remote.ProtocolHandshake.createSession(ProtocolHandshake.java:74)
	at org.openqa.selenium.remote.HttpCommandExecutor.execute(HttpCommandExecutor.java:136)
	at org.openqa.selenium.remote.service.DriverCommandExecutor.execute(DriverCommandExecutor.java:83)
	at org.openqa.selenium.remote.RemoteWebDriver.execute(RemoteWebDriver.java:552)
	at org.openqa.selenium.remote.RemoteWebDriver.startSession(RemoteWebDriver.java:213)
	at org.openqa.selenium.remote.RemoteWebDriver.&lt;init&gt;(RemoteWebDriver.java:131)
	at org.openqa.selenium.chrome.ChromeDriver.&lt;init&gt;(ChromeDriver.java:181)
	at org.openqa.selenium.chrome.ChromeDriver.&lt;init&gt;(ChromeDriver.java:168)
	at org.openqa.selenium.chrome.ChromeDriver.&lt;init&gt;(ChromeDriver.java:123)
	at com.crm.qa.base.TestBase.intialization(TestBase.java:41)
	at com.crm.qa.testcases.ContactPageTest.setUp(ContactPageTest.java:30)
... Removed 36 stack frames</div></td></tr></table><p class="totop"><a href="#summary">back to summary</a></p>
<h3 id="m1">com.crm.qa.testcases.ContactPageTest#setUp</h3><table class="result"><tr><th class="invisible"/></tr></table><p class="totop"><a href="#summary">back to summary</a></p>
<h3 id="m2">com.crm.qa.testcases.ContactPageTest#tearDown</h3><table class="result"><tr><th class="invisible"/></tr></table><p class="totop"><a href="#summary">back to summary</a></p>
<h3 id="m3">com.crm.qa.testcases.ContactPageTest#tearDown</h3><table class="result"><tr><th class="invisible"/></tr></table><p class="totop"><a href="#summary">back to summary</a></p>
<h3 id="m4">com.crm.qa.testcases.ContactPageTest#validateCreateNewContact</h3><table class="result"><tr><th>Exception</th></tr><tr><td><div class="stacktrace">org.openqa.selenium.SessionNotCreatedException: session not created
from timeout: Timed out receiving message from renderer: 600.000
  (Session info: chrome=87.0.4280.141)
Build info: version: &apos;3.141.59&apos;, revision: &apos;e82be7d358&apos;, time: &apos;2018-11-14T08:17:03&apos;
System info: host: &apos;PARITAPATEL&apos;, ip: &apos;192.168.0.23&apos;, os.name: &apos;Windows 10&apos;, os.arch: &apos;amd64&apos;, os.version: &apos;10.0&apos;, java.version: &apos;1.8.0_261&apos;
Driver info: driver.version: ChromeDriver
remote stacktrace: Backtrace:
	Ordinal0 [0x009EC013+3194899]
	Ordinal0 [0x008D6021+2056225]
	Ordinal0 [0x0076F608+587272]
	Ordinal0 [0x007636EC+538348]
	Ordinal0 [0x00762A6F+535151]
	Ordinal0 [0x00762E45+536133]
	Ordinal0 [0x007627A5+534437]
	Ordinal0 [0x0076BBC9+572361]
	Ordinal0 [0x00762754+534356]
	Ordinal0 [0x00763475+537717]
	Ordinal0 [0x00762A6F+535151]
	Ordinal0 [0x00762E45+536133]
	Ordinal0 [0x007627A5+534437]
	Ordinal0 [0x00769EFE+564990]
	Ordinal0 [0x00762754+534356]
	Ordinal0 [0x00763475+537717]
	Ordinal0 [0x00762A6F+535151]
	Ordinal0 [0x00762E45+536133]
	Ordinal0 [0x007627A5+534437]
	Ordinal0 [0x00768186+557446]
	Ordinal0 [0x00762754+534356]
	Ordinal0 [0x00763475+537717]
	Ordinal0 [0x00762A6F+535151]
	Ordinal0 [0x00762E45+536133]
	Ordinal0 [0x007627A5+534437]
	Ordinal0 [0x007674A7+554151]
	Ordinal0 [0x00762754+534356]
	Ordinal0 [0x00763475+537717]
	Ordinal0 [0x00762A6F+535151]
	Ordinal0 [0x00762E45+536133]
	Ordinal0 [0x007627A5+534437]
	Ordinal0 [0x0075F06C+520300]
	Ordinal0 [0x00762754+534356]
	Ordinal0 [0x007625BF+533951]
	Ordinal0 [0x007623D3+533459]
	Ordinal0 [0x00770620+591392]
	Ordinal0 [0x00712A0C+207372]
	Ordinal0 [0x00711D0D+204045]
	Ordinal0 [0x0070FC1B+195611]
	Ordinal0 [0x006F3B7F+80767]
	Ordinal0 [0x006F4B4E+84814]
	Ordinal0 [0x006F4AD9+84697]
	Ordinal0 [0x008ECE64+2149988]
	GetHandleVerifier [0x00B5BE95+1400773]
	GetHandleVerifier [0x00B5BB61+1399953]
	GetHandleVerifier [0x00B631FA+1430314]
	GetHandleVerifier [0x00B5C69F+1402831]
	Ordinal0 [0x008E3D61+2112865]
	Ordinal0 [0x008EE5CB+2155979]
	Ordinal0 [0x008EE6F5+2156277]
	Ordinal0 [0x008FF26E+2224750]
	BaseThreadInitThunk [0x764BFA29+25]
	RtlGetAppContainerNamedObjectPath [0x772D75F4+228]
	RtlGetAppContainerNamedObjectPath [0x772D75C4+180]

	at org.openqa.selenium.remote.W3CHandshakeResponse.lambda$errorHandler$0(W3CHandshakeResponse.java:62)
	at org.openqa.selenium.remote.HandshakeResponse.lambda$getResponseFunction$0(HandshakeResponse.java:30)
	at org.openqa.selenium.remote.ProtocolHandshake.lambda$createSession$0(ProtocolHandshake.java:126)
	at java.util.stream.ReferencePipeline$3$1.accept(ReferencePipeline.java:193)
	at java.util.Spliterators$ArraySpliterator.tryAdvance(Spliterators.java:958)
	at java.util.stream.ReferencePipeline.forEachWithCancel(ReferencePipeline.java:126)
	at java.util.stream.AbstractPipeline.copyIntoWithCancel(AbstractPipeline.java:499)
	at java.util.stream.AbstractPipeline.copyInto(AbstractPipeline.java:486)
	at java.util.stream.AbstractPipeline.wrapAndCopyInto(AbstractPipeline.java:472)
	at java.util.stream.FindOps$FindOp.evaluateSequential(FindOps.java:152)
	at java.util.stream.AbstractPipeline.evaluate(AbstractPipeline.java:234)
	at java.util.stream.ReferencePipeline.findFirst(ReferencePipeline.java:464)
	at org.openqa.selenium.remote.ProtocolHandshake.createSession(ProtocolHandshake.java:128)
	at org.openqa.selenium.remote.ProtocolHandshake.createSession(ProtocolHandshake.java:74)
	at org.openqa.selenium.remote.HttpCommandExecutor.execute(HttpCommandExecutor.java:136)
	at org.openqa.selenium.remote.service.DriverCommandExecutor.execute(DriverCommandExecutor.java:83)
	at org.openqa.selenium.remote.RemoteWebDriver.execute(RemoteWebDriver.java:552)
	at org.openqa.selenium.remote.RemoteWebDriver.startSession(RemoteWebDriver.java:213)
	at org.openqa.selenium.remote.RemoteWebDriver.&lt;init&gt;(RemoteWebDriver.java:131)
	at org.openqa.selenium.chrome.ChromeDriver.&lt;init&gt;(ChromeDriver.java:181)
	at org.openqa.selenium.chrome.ChromeDriver.&lt;init&gt;(ChromeDriver.java:168)
	at org.openqa.selenium.chrome.ChromeDriver.&lt;init&gt;(ChromeDriver.java:123)
	at com.crm.qa.base.TestBase.intialization(TestBase.java:41)
	at com.crm.qa.testcases.ContactPageTest.setUp(ContactPageTest.java:30)
... Removed 36 stack frames</div></td></tr></table><p class="totop"><a href="#summary">back to summary</a></p>
<h3 id="m5">com.crm.qa.testcases.ContactPageTest#verifyContactlabel</h3><table class="result"><tr><th>Exception</th></tr><tr><td><div class="stacktrace">org.openqa.selenium.SessionNotCreatedException: session not created
from timeout: Timed out receiving message from renderer: 600.000
  (Session info: chrome=87.0.4280.141)
Build info: version: &apos;3.141.59&apos;, revision: &apos;e82be7d358&apos;, time: &apos;2018-11-14T08:17:03&apos;
System info: host: &apos;PARITAPATEL&apos;, ip: &apos;192.168.0.23&apos;, os.name: &apos;Windows 10&apos;, os.arch: &apos;amd64&apos;, os.version: &apos;10.0&apos;, java.version: &apos;1.8.0_261&apos;
Driver info: driver.version: ChromeDriver
remote stacktrace: Backtrace:
	Ordinal0 [0x009EC013+3194899]
	Ordinal0 [0x008D6021+2056225]
	Ordinal0 [0x0076F608+587272]
	Ordinal0 [0x007636EC+538348]
	Ordinal0 [0x00762A6F+535151]
	Ordinal0 [0x00762E45+536133]
	Ordinal0 [0x007627A5+534437]
	Ordinal0 [0x0076BBC9+572361]
	Ordinal0 [0x00762754+534356]
	Ordinal0 [0x00763475+537717]
	Ordinal0 [0x00762A6F+535151]
	Ordinal0 [0x00762E45+536133]
	Ordinal0 [0x007627A5+534437]
	Ordinal0 [0x00769EFE+564990]
	Ordinal0 [0x00762754+534356]
	Ordinal0 [0x00763475+537717]
	Ordinal0 [0x00762A6F+535151]
	Ordinal0 [0x00762E45+536133]
	Ordinal0 [0x007627A5+534437]
	Ordinal0 [0x00768186+557446]
	Ordinal0 [0x00762754+534356]
	Ordinal0 [0x00763475+537717]
	Ordinal0 [0x00762A6F+535151]
	Ordinal0 [0x00762E45+536133]
	Ordinal0 [0x007627A5+534437]
	Ordinal0 [0x007674A7+554151]
	Ordinal0 [0x00762754+534356]
	Ordinal0 [0x00763475+537717]
	Ordinal0 [0x00762A6F+535151]
	Ordinal0 [0x00762E45+536133]
	Ordinal0 [0x007627A5+534437]
	Ordinal0 [0x0075F06C+520300]
	Ordinal0 [0x00762754+534356]
	Ordinal0 [0x007625BF+533951]
	Ordinal0 [0x007623D3+533459]
	Ordinal0 [0x00770620+591392]
	Ordinal0 [0x00712A0C+207372]
	Ordinal0 [0x00711D0D+204045]
	Ordinal0 [0x0070FC1B+195611]
	Ordinal0 [0x006F3B7F+80767]
	Ordinal0 [0x006F4B4E+84814]
	Ordinal0 [0x006F4AD9+84697]
	Ordinal0 [0x008ECE64+2149988]
	GetHandleVerifier [0x00B5BE95+1400773]
	GetHandleVerifier [0x00B5BB61+1399953]
	GetHandleVerifier [0x00B631FA+1430314]
	GetHandleVerifier [0x00B5C69F+1402831]
	Ordinal0 [0x008E3D61+2112865]
	Ordinal0 [0x008EE5CB+2155979]
	Ordinal0 [0x008EE6F5+2156277]
	Ordinal0 [0x008FF26E+2224750]
	BaseThreadInitThunk [0x764BFA29+25]
	RtlGetAppContainerNamedObjectPath [0x772D75F4+228]
	RtlGetAppContainerNamedObjectPath [0x772D75C4+180]

	at org.openqa.selenium.remote.W3CHandshakeResponse.lambda$errorHandler$0(W3CHandshakeResponse.java:62)
	at org.openqa.selenium.remote.HandshakeResponse.lambda$getResponseFunction$0(HandshakeResponse.java:30)
	at org.openqa.selenium.remote.ProtocolHandshake.lambda$createSession$0(ProtocolHandshake.java:126)
	at java.util.stream.ReferencePipeline$3$1.accept(ReferencePipeline.java:193)
	at java.util.Spliterators$ArraySpliterator.tryAdvance(Spliterators.java:958)
	at java.util.stream.ReferencePipeline.forEachWithCancel(ReferencePipeline.java:126)
	at java.util.stream.AbstractPipeline.copyIntoWithCancel(AbstractPipeline.java:499)
	at java.util.stream.AbstractPipeline.copyInto(AbstractPipeline.java:486)
	at java.util.stream.AbstractPipeline.wrapAndCopyInto(AbstractPipeline.java:472)
	at java.util.stream.FindOps$FindOp.evaluateSequential(FindOps.java:152)
	at java.util.stream.AbstractPipeline.evaluate(AbstractPipeline.java:234)
	at java.util.stream.ReferencePipeline.findFirst(ReferencePipeline.java:464)
	at org.openqa.selenium.remote.ProtocolHandshake.createSession(ProtocolHandshake.java:128)
	at org.openqa.selenium.remote.ProtocolHandshake.createSession(ProtocolHandshake.java:74)
	at org.openqa.selenium.remote.HttpCommandExecutor.execute(HttpCommandExecutor.java:136)
	at org.openqa.selenium.remote.service.DriverCommandExecutor.execute(DriverCommandExecutor.java:83)
	at org.openqa.selenium.remote.RemoteWebDriver.execute(RemoteWebDriver.java:552)
	at org.openqa.selenium.remote.RemoteWebDriver.startSession(RemoteWebDriver.java:213)
	at org.openqa.selenium.remote.RemoteWebDriver.&lt;init&gt;(RemoteWebDriver.java:131)
	at org.openqa.selenium.chrome.ChromeDriver.&lt;init&gt;(ChromeDriver.java:181)
	at org.openqa.selenium.chrome.ChromeDriver.&lt;init&gt;(ChromeDriver.java:168)
	at org.openqa.selenium.chrome.ChromeDriver.&lt;init&gt;(ChromeDriver.java:123)
	at com.crm.qa.base.TestBase.intialization(TestBase.java:41)
	at com.crm.qa.testcases.ContactPageTest.setUp(ContactPageTest.java:30)
... Removed 36 stack frames</div></td></tr></table><p class="totop"><a href="#summary">back to summary</a></p>
<h3 id="m6">com.crm.qa.testcases.HomePageTest#verifyContacrLink</h3><table class="result"><tr><th class="invisible"/></tr></table><p class="totop"><a href="#summary">back to summary</a></p>
<h3 id="m7">com.crm.qa.testcases.HomePageTest#verifyHomePageTitleTest</h3><table class="result"><tr><th class="invisible"/></tr></table><p class="totop"><a href="#summary">back to summary</a></p>
<h3 id="m8">com.crm.qa.testcases.HomePageTest#veryUserNameTest</h3><table class="result"><tr><th class="invisible"/></tr></table><p class="totop"><a href="#summary">back to summary</a></p>
<h3 id="m9">com.crm.qa.testcases.LoginPageTest#crmLogoImageTest</h3><table class="result"><tr><th class="invisible"/></tr></table><p class="totop"><a href="#summary">back to summary</a></p>
<h3 id="m10">com.crm.qa.testcases.LoginPageTest#loginPageTitleTest</h3><table class="result"><tr><th class="invisible"/></tr></table><p class="totop"><a href="#summary">back to summary</a></p>
<h3 id="m11">com.crm.qa.testcases.LoginPageTest#loginTest</h3><table class="result"><tr><th class="invisible"/></tr></table><p class="totop"><a href="#summary">back to summary</a></p>
</body>
</html>
