<html>
<head>
<title>TestNG:  Free CRM App Test Cases</title>
<link href="../testng.css" rel="stylesheet" type="text/css" />
<link href="../my-testng.css" rel="stylesheet" type="text/css" />

<style type="text/css">
.log { display: none;} 
.stack-trace { display: none;} 
</style>
<script type="text/javascript">
<!--
function flip(e) {
  current = e.style.display;
  if (current == 'block') {
    e.style.display = 'none';
    return 0;
  }
  else {
    e.style.display = 'block';
    return 1;
  }
}

function toggleBox(szDivId, elem, msg1, msg2)
{
  var res = -1;  if (document.getElementById) {
    res = flip(document.getElementById(szDivId));
  }
  else if (document.all) {
    // this is the way old msie versions work
    res = flip(document.all[szDivId]);
  }
  if(elem) {
    if(res == 0) elem.innerHTML = msg1; else elem.innerHTML = msg2;
  }

}

function toggleAllBoxes() {
  if (document.getElementsByTagName) {
    d = document.getElementsByTagName('div');
    for (i = 0; i < d.length; i++) {
      if (d[i].className == 'log') {
        flip(d[i]);
      }
    }
  }
}

// -->
</script>

</head>
<body>
<h2 align='center'>Free CRM App Test Cases</h2><table border='1' align="center">
<tr>
<td>Tests passed/Failed/Skipped:</td><td>6/0/2</td>
</tr><tr>
<td>Started on:</td><td>Mon Feb 08 06:09:00 EST 2021</td>
</tr>
<tr><td>Total time:</td><td>688 seconds (688292 ms)</td>
</tr><tr>
<td>Included groups:</td><td></td>
</tr><tr>
<td>Excluded groups:</td><td></td>
</tr>
</table><p/>
<small><i>(Hover the method name to see the test class name)</i></small><p/>
<table width='100%' border='1' class='invocation-failed'>
<tr><td colspan='4' align='center'><b>FAILED CONFIGURATIONS</b></td></tr>
<tr><td><b>Test method</b></td>
<td width="30%"><b>Exception</b></td>
<td width="10%"><b>Time (seconds)</b></td>
<td><b>Instance</b></td>
</tr>
<tr>
<td title='com.crm.qa.testcases.ContactPageTest.setUp()'><b>setUp</b><br>Test class: com.crm.qa.testcases.ContactPageTest</td>
<td><div><pre>org.openqa.selenium.SessionNotCreatedException: session not created
from timeout: Timed out receiving message from renderer: 600.000
  (Session info: chrome=87.0.4280.141)
Build info: version: &apos;3.141.59&apos;, revision: &apos;e82be7d358&apos;, time: &apos;2018-11-14T08:17:03&apos;
System info: host: &apos;PARITAPATEL&apos;, ip: &apos;192.168.0.23&apos;, os.name: &apos;Windows 10&apos;, os.arch: &apos;amd64&apos;, os.version: &apos;10.0&apos;, java.version: &apos;1.8.0_261&apos;
Driver info: driver.version: ChromeDriver
remote stacktrace: Backtrace:
	Ordinal0 [0x009EC013+3194899]
	Ordinal0 [0x008D6021+2056225]
	Ordinal0 [0x0076F608+587272]
	Ordinal0 [0x007636EC+538348]
	Ordinal0 [0x00762A6F+535151]
	Ordinal0 [0x00762E45+536133]
	Ordinal0 [0x007627A5+534437]
	Ordinal0 [0x0076BBC9+572361]
	Ordinal0 [0x00762754+534356]
	Ordinal0 [0x00763475+537717]
	Ordinal0 [0x00762A6F+535151]
	Ordinal0 [0x00762E45+536133]
	Ordinal0 [0x007627A5+534437]
	Ordinal0 [0x00769EFE+564990]
	Ordinal0 [0x00762754+534356]
	Ordinal0 [0x00763475+537717]
	Ordinal0 [0x00762A6F+535151]
	Ordinal0 [0x00762E45+536133]
	Ordinal0 [0x007627A5+534437]
	Ordinal0 [0x00768186+557446]
	Ordinal0 [0x00762754+534356]
	Ordinal0 [0x00763475+537717]
	Ordinal0 [0x00762A6F+535151]
	Ordinal0 [0x00762E45+536133]
	Ordinal0 [0x007627A5+534437]
	Ordinal0 [0x007674A7+554151]
	Ordinal0 [0x00762754+534356]
	Ordinal0 [0x00763475+537717]
	Ordinal0 [0x00762A6F+535151]
	Ordinal0 [0x00762E45+536133]
	Ordinal0 [0x007627A5+534437]
	Ordinal0 [0x0075F06C+520300]
	Ordinal0 [0x00762754+534356]
	Ordinal0 [0x007625BF+533951]
	Ordinal0 [0x007623D3+533459]
	Ordinal0 [0x00770620+591392]
	Ordinal0 [0x00712A0C+207372]
	Ordinal0 [0x00711D0D+204045]
	Ordinal0 [0x0070FC1B+195611]
	Ordinal0 [0x006F3B7F+80767]
	Ordinal0 [0x006F4B4E+84814]
	Ordinal0 [0x006F4AD9+84697]
	Ordinal0 [0x008ECE64+2149988]
	GetHandleVerifier [0x00B5BE95+1400773]
	GetHandleVerifier [0x00B5BB61+1399953]
	GetHandleVerifier [0x00B631FA+1430314]
	GetHandleVerifier [0x00B5C69F+1402831]
	Ordinal0 [0x008E3D61+2112865]
	Ordinal0 [0x008EE5CB+2155979]
	Ordinal0 [0x008EE6F5+2156277]
	Ordinal0 [0x008FF26E+2224750]
	BaseThreadInitThunk [0x764BFA29+25]
	RtlGetAppContainerNamedObjectPath [0x772D75F4+228]
	RtlGetAppContainerNamedObjectPath [0x772D75C4+180]

	at org.openqa.selenium.remote.W3CHandshakeResponse.lambda$errorHandler$0(W3CHandshakeResponse.java:62)
	at org.openqa.selenium.remote.HandshakeResponse.lambda$getResponseFunction$0(HandshakeResponse.java:30)
	at org.openqa.selenium.remote.ProtocolHandshake.lambda$createSession$0(ProtocolHandshake.java:126)
	at java.util.stream.ReferencePipeline$3$1.accept(ReferencePipeline.java:193)
	at java.util.Spliterators$ArraySpliterator.tryAdvance(Spliterators.java:958)
	at java.util.stream.ReferencePipeline.forEachWithCancel(ReferencePipeline.java:126)
	at java.util.stream.AbstractPipeline.copyIntoWithCancel(AbstractPipeline.java:499)
	at java.util.stream.AbstractPipeline.copyInto(AbstractPipeline.java:486)
	at java.util.stream.AbstractPipeline.wrapAndCopyInto(AbstractPipeline.java:472)
	at java.util.stream.FindOps$FindOp.evaluateSequential(FindOps.java:152)
	at java.util.stream.AbstractPipeline.evaluate(AbstractPipeline.java:234)
	at java.util.stream.ReferencePipeline.findFirst(ReferencePipeline.java:464)
	at org.openqa.selenium.remote.ProtocolHandshake.createSession(ProtocolHandshake.java:128)
	at org.openqa.selenium.remote.ProtocolHandshake.createSession(ProtocolHandshake.java:74)
	at org.openqa.selenium.remote.HttpCommandExecutor.execute(HttpCommandExecutor.java:136)
	at org.openqa.selenium.remote.service.DriverCommandExecutor.execute(DriverCommandExecutor.java:83)
	at org.openqa.selenium.remote.RemoteWebDriver.execute(RemoteWebDriver.java:552)
	at org.openqa.selenium.remote.RemoteWebDriver.startSession(RemoteWebDriver.java:213)
	at org.openqa.selenium.remote.RemoteWebDriver.&lt;init&gt;(RemoteWebDriver.java:131)
	at org.openqa.selenium.chrome.ChromeDriver.&lt;init&gt;(ChromeDriver.java:181)
	at org.openqa.selenium.chrome.ChromeDriver.&lt;init&gt;(ChromeDriver.java:168)
	at org.openqa.selenium.chrome.ChromeDriver.&lt;init&gt;(ChromeDriver.java:123)
	at com.crm.qa.base.TestBase.intialization(TestBase.java:41)
	at com.crm.qa.testcases.ContactPageTest.setUp(ContactPageTest.java:30)
... Removed 36 stack frames</pre></div><a href='#' onClick='toggleBox("stack-trace1783966110", this, "Click to show all stack frames", "Click to hide stack frames")'>Click to show all stack frames</a>
<div class='stack-trace' id='stack-trace1783966110'><pre>org.openqa.selenium.SessionNotCreatedException: session not created
from timeout: Timed out receiving message from renderer: 600.000
  (Session info: chrome=87.0.4280.141)
Build info: version: &apos;3.141.59&apos;, revision: &apos;e82be7d358&apos;, time: &apos;2018-11-14T08:17:03&apos;
System info: host: &apos;PARITAPATEL&apos;, ip: &apos;192.168.0.23&apos;, os.name: &apos;Windows 10&apos;, os.arch: &apos;amd64&apos;, os.version: &apos;10.0&apos;, java.version: &apos;1.8.0_261&apos;
Driver info: driver.version: ChromeDriver
remote stacktrace: Backtrace:
	Ordinal0 [0x009EC013+3194899]
	Ordinal0 [0x008D6021+2056225]
	Ordinal0 [0x0076F608+587272]
	Ordinal0 [0x007636EC+538348]
	Ordinal0 [0x00762A6F+535151]
	Ordinal0 [0x00762E45+536133]
	Ordinal0 [0x007627A5+534437]
	Ordinal0 [0x0076BBC9+572361]
	Ordinal0 [0x00762754+534356]
	Ordinal0 [0x00763475+537717]
	Ordinal0 [0x00762A6F+535151]
	Ordinal0 [0x00762E45+536133]
	Ordinal0 [0x007627A5+534437]
	Ordinal0 [0x00769EFE+564990]
	Ordinal0 [0x00762754+534356]
	Ordinal0 [0x00763475+537717]
	Ordinal0 [0x00762A6F+535151]
	Ordinal0 [0x00762E45+536133]
	Ordinal0 [0x007627A5+534437]
	Ordinal0 [0x00768186+557446]
	Ordinal0 [0x00762754+534356]
	Ordinal0 [0x00763475+537717]
	Ordinal0 [0x00762A6F+535151]
	Ordinal0 [0x00762E45+536133]
	Ordinal0 [0x007627A5+534437]
	Ordinal0 [0x007674A7+554151]
	Ordinal0 [0x00762754+534356]
	Ordinal0 [0x00763475+537717]
	Ordinal0 [0x00762A6F+535151]
	Ordinal0 [0x00762E45+536133]
	Ordinal0 [0x007627A5+534437]
	Ordinal0 [0x0075F06C+520300]
	Ordinal0 [0x00762754+534356]
	Ordinal0 [0x007625BF+533951]
	Ordinal0 [0x007623D3+533459]
	Ordinal0 [0x00770620+591392]
	Ordinal0 [0x00712A0C+207372]
	Ordinal0 [0x00711D0D+204045]
	Ordinal0 [0x0070FC1B+195611]
	Ordinal0 [0x006F3B7F+80767]
	Ordinal0 [0x006F4B4E+84814]
	Ordinal0 [0x006F4AD9+84697]
	Ordinal0 [0x008ECE64+2149988]
	GetHandleVerifier [0x00B5BE95+1400773]
	GetHandleVerifier [0x00B5BB61+1399953]
	GetHandleVerifier [0x00B631FA+1430314]
	GetHandleVerifier [0x00B5C69F+1402831]
	Ordinal0 [0x008E3D61+2112865]
	Ordinal0 [0x008EE5CB+2155979]
	Ordinal0 [0x008EE6F5+2156277]
	Ordinal0 [0x008FF26E+2224750]
	BaseThreadInitThunk [0x764BFA29+25]
	RtlGetAppContainerNamedObjectPath [0x772D75F4+228]
	RtlGetAppContainerNamedObjectPath [0x772D75C4+180]

	at sun.reflect.NativeConstructorAccessorImpl.newInstance0(Native Method)
	at sun.reflect.NativeConstructorAccessorImpl.newInstance(NativeConstructorAccessorImpl.java:62)
	at sun.reflect.DelegatingConstructorAccessorImpl.newInstance(DelegatingConstructorAccessorImpl.java:45)
	at java.lang.reflect.Constructor.newInstance(Constructor.java:423)
	at org.openqa.selenium.remote.W3CHandshakeResponse.lambda$errorHandler$0(W3CHandshakeResponse.java:62)
	at org.openqa.selenium.remote.HandshakeResponse.lambda$getResponseFunction$0(HandshakeResponse.java:30)
	at org.openqa.selenium.remote.ProtocolHandshake.lambda$createSession$0(ProtocolHandshake.java:126)
	at java.util.stream.ReferencePipeline$3$1.accept(ReferencePipeline.java:193)
	at java.util.Spliterators$ArraySpliterator.tryAdvance(Spliterators.java:958)
	at java.util.stream.ReferencePipeline.forEachWithCancel(ReferencePipeline.java:126)
	at java.util.stream.AbstractPipeline.copyIntoWithCancel(AbstractPipeline.java:499)
	at java.util.stream.AbstractPipeline.copyInto(AbstractPipeline.java:486)
	at java.util.stream.AbstractPipeline.wrapAndCopyInto(AbstractPipeline.java:472)
	at java.util.stream.FindOps$FindOp.evaluateSequential(FindOps.java:152)
	at java.util.stream.AbstractPipeline.evaluate(AbstractPipeline.java:234)
	at java.util.stream.ReferencePipeline.findFirst(ReferencePipeline.java:464)
	at org.openqa.selenium.remote.ProtocolHandshake.createSession(ProtocolHandshake.java:128)
	at org.openqa.selenium.remote.ProtocolHandshake.createSession(ProtocolHandshake.java:74)
	at org.openqa.selenium.remote.HttpCommandExecutor.execute(HttpCommandExecutor.java:136)
	at org.openqa.selenium.remote.service.DriverCommandExecutor.execute(DriverCommandExecutor.java:83)
	at org.openqa.selenium.remote.RemoteWebDriver.execute(RemoteWebDriver.java:552)
	at org.openqa.selenium.remote.RemoteWebDriver.startSession(RemoteWebDriver.java:213)
	at org.openqa.selenium.remote.RemoteWebDriver.&lt;init&gt;(RemoteWebDriver.java:131)
	at org.openqa.selenium.chrome.ChromeDriver.&lt;init&gt;(ChromeDriver.java:181)
	at org.openqa.selenium.chrome.ChromeDriver.&lt;init&gt;(ChromeDriver.java:168)
	at org.openqa.selenium.chrome.ChromeDriver.&lt;init&gt;(ChromeDriver.java:123)
	at com.crm.qa.base.TestBase.intialization(TestBase.java:41)
	at com.crm.qa.testcases.ContactPageTest.setUp(ContactPageTest.java:30)
	at sun.reflect.NativeMethodAccessorImpl.invoke0(Native Method)
	at sun.reflect.NativeMethodAccessorImpl.invoke(NativeMethodAccessorImpl.java:62)
	at sun.reflect.DelegatingMethodAccessorImpl.invoke(DelegatingMethodAccessorImpl.java:43)
	at java.lang.reflect.Method.invoke(Method.java:498)
	at org.testng.internal.MethodInvocationHelper.invokeMethod(MethodInvocationHelper.java:124)
	at org.testng.internal.MethodInvocationHelper.invokeMethodConsideringTimeout(MethodInvocationHelper.java:59)
	at org.testng.internal.Invoker.invokeConfigurationMethod(Invoker.java:458)
	at org.testng.internal.Invoker.invokeConfigurations(Invoker.java:222)
	at org.testng.internal.Invoker.invokeMethod(Invoker.java:523)
	at org.testng.internal.Invoker.invokeTestMethod(Invoker.java:719)
	at org.testng.internal.Invoker.invokeTestMethods(Invoker.java:989)
	at org.testng.internal.TestMethodWorker.invokeTestMethods(TestMethodWorker.java:125)
	at org.testng.internal.TestMethodWorker.run(TestMethodWorker.java:109)
	at org.testng.TestRunner.privateRun(TestRunner.java:648)
	at org.testng.TestRunner.run(TestRunner.java:505)
	at org.testng.SuiteRunner.runTest(SuiteRunner.java:455)
	at org.testng.SuiteRunner.runSequentially(SuiteRunner.java:450)
	at org.testng.SuiteRunner.privateRun(SuiteRunner.java:415)
	at org.testng.SuiteRunner.run(SuiteRunner.java:364)
	at org.testng.SuiteRunnerWorker.runSuite(SuiteRunnerWorker.java:52)
	at org.testng.SuiteRunnerWorker.run(SuiteRunnerWorker.java:84)
	at org.testng.TestNG.runSuitesSequentially(TestNG.java:1208)
	at org.testng.TestNG.runSuitesLocally(TestNG.java:1137)
	at org.testng.TestNG.runSuites(TestNG.java:1049)
	at org.testng.TestNG.run(TestNG.java:1017)
	at org.apache.maven.surefire.testng.TestNGExecutor.run(TestNGExecutor.java:284)
	at org.apache.maven.surefire.testng.TestNGXmlTestSuite.execute(TestNGXmlTestSuite.java:75)
	at org.apache.maven.surefire.testng.TestNGProvider.invoke(TestNGProvider.java:119)
	at org.apache.maven.surefire.booter.ForkedBooter.runSuitesInProcess(ForkedBooter.java:428)
	at org.apache.maven.surefire.booter.ForkedBooter.execute(ForkedBooter.java:162)
	at org.apache.maven.surefire.booter.ForkedBooter.run(ForkedBooter.java:562)
	at org.apache.maven.surefire.booter.ForkedBooter.main(ForkedBooter.java:548)
</pre></div></td>
<td>603</td>
<td>com.crm.qa.testcases.ContactPageTest@5034c75a</td></tr>
</table><p>
<table width='100%' border='1' class='invocation-skipped'>
<tr><td colspan='4' align='center'><b>SKIPPED CONFIGURATIONS</b></td></tr>
<tr><td><b>Test method</b></td>
<td width="30%"><b>Exception</b></td>
<td width="10%"><b>Time (seconds)</b></td>
<td><b>Instance</b></td>
</tr>
<tr>
<td title='com.crm.qa.testcases.ContactPageTest.setUp()'><b>setUp</b><br>Test class: com.crm.qa.testcases.ContactPageTest</td>
<td></td>
<td>0</td>
<td>com.crm.qa.testcases.ContactPageTest@5034c75a</td></tr>
<tr>
<td title='com.crm.qa.testcases.ContactPageTest.tearDown()'><b>tearDown</b><br>Test class: com.crm.qa.testcases.ContactPageTest</td>
<td></td>
<td>0</td>
<td>com.crm.qa.testcases.ContactPageTest@5034c75a</td></tr>
<tr>
<td title='com.crm.qa.testcases.ContactPageTest.tearDown()'><b>tearDown</b><br>Test class: com.crm.qa.testcases.ContactPageTest</td>
<td></td>
<td>0</td>
<td>com.crm.qa.testcases.ContactPageTest@5034c75a</td></tr>
</table><p>
<table width='100%' border='1' class='invocation-passed'>
<tr><td colspan='4' align='center'><b>PASSED TESTS</b></td></tr>
<tr><td><b>Test method</b></td>
<td width="30%"><b>Exception</b></td>
<td width="10%"><b>Time (seconds)</b></td>
<td><b>Instance</b></td>
</tr>
<tr>
<td title='com.crm.qa.testcases.LoginPageTest.crmLogoImageTest()'><b>crmLogoImageTest</b><br>Test class: com.crm.qa.testcases.LoginPageTest</td>
<td></td>
<td>1</td>
<td>com.crm.qa.testcases.LoginPageTest@6d00a15d</td></tr>
<tr>
<td title='com.crm.qa.testcases.LoginPageTest.loginPageTitleTest()'><b>loginPageTitleTest</b><br>Test class: com.crm.qa.testcases.LoginPageTest</td>
<td></td>
<td>0</td>
<td>com.crm.qa.testcases.LoginPageTest@6d00a15d</td></tr>
<tr>
<td title='com.crm.qa.testcases.LoginPageTest.loginTest()'><b>loginTest</b><br>Test class: com.crm.qa.testcases.LoginPageTest</td>
<td></td>
<td>3</td>
<td>com.crm.qa.testcases.LoginPageTest@6d00a15d</td></tr>
<tr>
<td title='com.crm.qa.testcases.HomePageTest.verifyContacrLink()'><b>verifyContacrLink</b><br>Test class: com.crm.qa.testcases.HomePageTest</td>
<td></td>
<td>1</td>
<td>com.crm.qa.testcases.HomePageTest@51efea79</td></tr>
<tr>
<td title='com.crm.qa.testcases.HomePageTest.verifyHomePageTitleTest()'><b>verifyHomePageTitleTest</b><br>Test class: com.crm.qa.testcases.HomePageTest</td>
<td></td>
<td>0</td>
<td>com.crm.qa.testcases.HomePageTest@51efea79</td></tr>
<tr>
<td title='com.crm.qa.testcases.HomePageTest.veryUserNameTest()'><b>veryUserNameTest</b><br>Test class: com.crm.qa.testcases.HomePageTest</td>
<td></td>
<td>1</td>
<td>com.crm.qa.testcases.HomePageTest@51efea79</td></tr>
</table><p>
<table width='100%' border='1' class='invocation-skipped'>
<tr><td colspan='4' align='center'><b>SKIPPED TESTS</b></td></tr>
<tr><td><b>Test method</b></td>
<td width="30%"><b>Exception</b></td>
<td width="10%"><b>Time (seconds)</b></td>
<td><b>Instance</b></td>
</tr>
<tr>
<td title='com.crm.qa.testcases.ContactPageTest.validateCreateNewContact()'><b>validateCreateNewContact</b><br>Test class: com.crm.qa.testcases.ContactPageTest</td>
<td><div><pre>org.openqa.selenium.SessionNotCreatedException: session not created
from timeout: Timed out receiving message from renderer: 600.000
  (Session info: chrome=87.0.4280.141)
Build info: version: &apos;3.141.59&apos;, revision: &apos;e82be7d358&apos;, time: &apos;2018-11-14T08:17:03&apos;
System info: host: &apos;PARITAPATEL&apos;, ip: &apos;192.168.0.23&apos;, os.name: &apos;Windows 10&apos;, os.arch: &apos;amd64&apos;, os.version: &apos;10.0&apos;, java.version: &apos;1.8.0_261&apos;
Driver info: driver.version: ChromeDriver
remote stacktrace: Backtrace:
	Ordinal0 [0x009EC013+3194899]
	Ordinal0 [0x008D6021+2056225]
	Ordinal0 [0x0076F608+587272]
	Ordinal0 [0x007636EC+538348]
	Ordinal0 [0x00762A6F+535151]
	Ordinal0 [0x00762E45+536133]
	Ordinal0 [0x007627A5+534437]
	Ordinal0 [0x0076BBC9+572361]
	Ordinal0 [0x00762754+534356]
	Ordinal0 [0x00763475+537717]
	Ordinal0 [0x00762A6F+535151]
	Ordinal0 [0x00762E45+536133]
	Ordinal0 [0x007627A5+534437]
	Ordinal0 [0x00769EFE+564990]
	Ordinal0 [0x00762754+534356]
	Ordinal0 [0x00763475+537717]
	Ordinal0 [0x00762A6F+535151]
	Ordinal0 [0x00762E45+536133]
	Ordinal0 [0x007627A5+534437]
	Ordinal0 [0x00768186+557446]
	Ordinal0 [0x00762754+534356]
	Ordinal0 [0x00763475+537717]
	Ordinal0 [0x00762A6F+535151]
	Ordinal0 [0x00762E45+536133]
	Ordinal0 [0x007627A5+534437]
	Ordinal0 [0x007674A7+554151]
	Ordinal0 [0x00762754+534356]
	Ordinal0 [0x00763475+537717]
	Ordinal0 [0x00762A6F+535151]
	Ordinal0 [0x00762E45+536133]
	Ordinal0 [0x007627A5+534437]
	Ordinal0 [0x0075F06C+520300]
	Ordinal0 [0x00762754+534356]
	Ordinal0 [0x007625BF+533951]
	Ordinal0 [0x007623D3+533459]
	Ordinal0 [0x00770620+591392]
	Ordinal0 [0x00712A0C+207372]
	Ordinal0 [0x00711D0D+204045]
	Ordinal0 [0x0070FC1B+195611]
	Ordinal0 [0x006F3B7F+80767]
	Ordinal0 [0x006F4B4E+84814]
	Ordinal0 [0x006F4AD9+84697]
	Ordinal0 [0x008ECE64+2149988]
	GetHandleVerifier [0x00B5BE95+1400773]
	GetHandleVerifier [0x00B5BB61+1399953]
	GetHandleVerifier [0x00B631FA+1430314]
	GetHandleVerifier [0x00B5C69F+1402831]
	Ordinal0 [0x008E3D61+2112865]
	Ordinal0 [0x008EE5CB+2155979]
	Ordinal0 [0x008EE6F5+2156277]
	Ordinal0 [0x008FF26E+2224750]
	BaseThreadInitThunk [0x764BFA29+25]
	RtlGetAppContainerNamedObjectPath [0x772D75F4+228]
	RtlGetAppContainerNamedObjectPath [0x772D75C4+180]

	at org.openqa.selenium.remote.W3CHandshakeResponse.lambda$errorHandler$0(W3CHandshakeResponse.java:62)
	at org.openqa.selenium.remote.HandshakeResponse.lambda$getResponseFunction$0(HandshakeResponse.java:30)
	at org.openqa.selenium.remote.ProtocolHandshake.lambda$createSession$0(ProtocolHandshake.java:126)
	at java.util.stream.ReferencePipeline$3$1.accept(ReferencePipeline.java:193)
	at java.util.Spliterators$ArraySpliterator.tryAdvance(Spliterators.java:958)
	at java.util.stream.ReferencePipeline.forEachWithCancel(ReferencePipeline.java:126)
	at java.util.stream.AbstractPipeline.copyIntoWithCancel(AbstractPipeline.java:499)
	at java.util.stream.AbstractPipeline.copyInto(AbstractPipeline.java:486)
	at java.util.stream.AbstractPipeline.wrapAndCopyInto(AbstractPipeline.java:472)
	at java.util.stream.FindOps$FindOp.evaluateSequential(FindOps.java:152)
	at java.util.stream.AbstractPipeline.evaluate(AbstractPipeline.java:234)
	at java.util.stream.ReferencePipeline.findFirst(ReferencePipeline.java:464)
	at org.openqa.selenium.remote.ProtocolHandshake.createSession(ProtocolHandshake.java:128)
	at org.openqa.selenium.remote.ProtocolHandshake.createSession(ProtocolHandshake.java:74)
	at org.openqa.selenium.remote.HttpCommandExecutor.execute(HttpCommandExecutor.java:136)
	at org.openqa.selenium.remote.service.DriverCommandExecutor.execute(DriverCommandExecutor.java:83)
	at org.openqa.selenium.remote.RemoteWebDriver.execute(RemoteWebDriver.java:552)
	at org.openqa.selenium.remote.RemoteWebDriver.startSession(RemoteWebDriver.java:213)
	at org.openqa.selenium.remote.RemoteWebDriver.&lt;init&gt;(RemoteWebDriver.java:131)
	at org.openqa.selenium.chrome.ChromeDriver.&lt;init&gt;(ChromeDriver.java:181)
	at org.openqa.selenium.chrome.ChromeDriver.&lt;init&gt;(ChromeDriver.java:168)
	at org.openqa.selenium.chrome.ChromeDriver.&lt;init&gt;(ChromeDriver.java:123)
	at com.crm.qa.base.TestBase.intialization(TestBase.java:41)
	at com.crm.qa.testcases.ContactPageTest.setUp(ContactPageTest.java:30)
... Removed 36 stack frames</pre></div><a href='#' onClick='toggleBox("stack-trace1793899405", this, "Click to show all stack frames", "Click to hide stack frames")'>Click to show all stack frames</a>
<div class='stack-trace' id='stack-trace1793899405'><pre>org.openqa.selenium.SessionNotCreatedException: session not created
from timeout: Timed out receiving message from renderer: 600.000
  (Session info: chrome=87.0.4280.141)
Build info: version: &apos;3.141.59&apos;, revision: &apos;e82be7d358&apos;, time: &apos;2018-11-14T08:17:03&apos;
System info: host: &apos;PARITAPATEL&apos;, ip: &apos;192.168.0.23&apos;, os.name: &apos;Windows 10&apos;, os.arch: &apos;amd64&apos;, os.version: &apos;10.0&apos;, java.version: &apos;1.8.0_261&apos;
Driver info: driver.version: ChromeDriver
remote stacktrace: Backtrace:
	Ordinal0 [0x009EC013+3194899]
	Ordinal0 [0x008D6021+2056225]
	Ordinal0 [0x0076F608+587272]
	Ordinal0 [0x007636EC+538348]
	Ordinal0 [0x00762A6F+535151]
	Ordinal0 [0x00762E45+536133]
	Ordinal0 [0x007627A5+534437]
	Ordinal0 [0x0076BBC9+572361]
	Ordinal0 [0x00762754+534356]
	Ordinal0 [0x00763475+537717]
	Ordinal0 [0x00762A6F+535151]
	Ordinal0 [0x00762E45+536133]
	Ordinal0 [0x007627A5+534437]
	Ordinal0 [0x00769EFE+564990]
	Ordinal0 [0x00762754+534356]
	Ordinal0 [0x00763475+537717]
	Ordinal0 [0x00762A6F+535151]
	Ordinal0 [0x00762E45+536133]
	Ordinal0 [0x007627A5+534437]
	Ordinal0 [0x00768186+557446]
	Ordinal0 [0x00762754+534356]
	Ordinal0 [0x00763475+537717]
	Ordinal0 [0x00762A6F+535151]
	Ordinal0 [0x00762E45+536133]
	Ordinal0 [0x007627A5+534437]
	Ordinal0 [0x007674A7+554151]
	Ordinal0 [0x00762754+534356]
	Ordinal0 [0x00763475+537717]
	Ordinal0 [0x00762A6F+535151]
	Ordinal0 [0x00762E45+536133]
	Ordinal0 [0x007627A5+534437]
	Ordinal0 [0x0075F06C+520300]
	Ordinal0 [0x00762754+534356]
	Ordinal0 [0x007625BF+533951]
	Ordinal0 [0x007623D3+533459]
	Ordinal0 [0x00770620+591392]
	Ordinal0 [0x00712A0C+207372]
	Ordinal0 [0x00711D0D+204045]
	Ordinal0 [0x0070FC1B+195611]
	Ordinal0 [0x006F3B7F+80767]
	Ordinal0 [0x006F4B4E+84814]
	Ordinal0 [0x006F4AD9+84697]
	Ordinal0 [0x008ECE64+2149988]
	GetHandleVerifier [0x00B5BE95+1400773]
	GetHandleVerifier [0x00B5BB61+1399953]
	GetHandleVerifier [0x00B631FA+1430314]
	GetHandleVerifier [0x00B5C69F+1402831]
	Ordinal0 [0x008E3D61+2112865]
	Ordinal0 [0x008EE5CB+2155979]
	Ordinal0 [0x008EE6F5+2156277]
	Ordinal0 [0x008FF26E+2224750]
	BaseThreadInitThunk [0x764BFA29+25]
	RtlGetAppContainerNamedObjectPath [0x772D75F4+228]
	RtlGetAppContainerNamedObjectPath [0x772D75C4+180]

	at sun.reflect.NativeConstructorAccessorImpl.newInstance0(Native Method)
	at sun.reflect.NativeConstructorAccessorImpl.newInstance(NativeConstructorAccessorImpl.java:62)
	at sun.reflect.DelegatingConstructorAccessorImpl.newInstance(DelegatingConstructorAccessorImpl.java:45)
	at java.lang.reflect.Constructor.newInstance(Constructor.java:423)
	at org.openqa.selenium.remote.W3CHandshakeResponse.lambda$errorHandler$0(W3CHandshakeResponse.java:62)
	at org.openqa.selenium.remote.HandshakeResponse.lambda$getResponseFunction$0(HandshakeResponse.java:30)
	at org.openqa.selenium.remote.ProtocolHandshake.lambda$createSession$0(ProtocolHandshake.java:126)
	at java.util.stream.ReferencePipeline$3$1.accept(ReferencePipeline.java:193)
	at java.util.Spliterators$ArraySpliterator.tryAdvance(Spliterators.java:958)
	at java.util.stream.ReferencePipeline.forEachWithCancel(ReferencePipeline.java:126)
	at java.util.stream.AbstractPipeline.copyIntoWithCancel(AbstractPipeline.java:499)
	at java.util.stream.AbstractPipeline.copyInto(AbstractPipeline.java:486)
	at java.util.stream.AbstractPipeline.wrapAndCopyInto(AbstractPipeline.java:472)
	at java.util.stream.FindOps$FindOp.evaluateSequential(FindOps.java:152)
	at java.util.stream.AbstractPipeline.evaluate(AbstractPipeline.java:234)
	at java.util.stream.ReferencePipeline.findFirst(ReferencePipeline.java:464)
	at org.openqa.selenium.remote.ProtocolHandshake.createSession(ProtocolHandshake.java:128)
	at org.openqa.selenium.remote.ProtocolHandshake.createSession(ProtocolHandshake.java:74)
	at org.openqa.selenium.remote.HttpCommandExecutor.execute(HttpCommandExecutor.java:136)
	at org.openqa.selenium.remote.service.DriverCommandExecutor.execute(DriverCommandExecutor.java:83)
	at org.openqa.selenium.remote.RemoteWebDriver.execute(RemoteWebDriver.java:552)
	at org.openqa.selenium.remote.RemoteWebDriver.startSession(RemoteWebDriver.java:213)
	at org.openqa.selenium.remote.RemoteWebDriver.&lt;init&gt;(RemoteWebDriver.java:131)
	at org.openqa.selenium.chrome.ChromeDriver.&lt;init&gt;(ChromeDriver.java:181)
	at org.openqa.selenium.chrome.ChromeDriver.&lt;init&gt;(ChromeDriver.java:168)
	at org.openqa.selenium.chrome.ChromeDriver.&lt;init&gt;(ChromeDriver.java:123)
	at com.crm.qa.base.TestBase.intialization(TestBase.java:41)
	at com.crm.qa.testcases.ContactPageTest.setUp(ContactPageTest.java:30)
	at sun.reflect.NativeMethodAccessorImpl.invoke0(Native Method)
	at sun.reflect.NativeMethodAccessorImpl.invoke(NativeMethodAccessorImpl.java:62)
	at sun.reflect.DelegatingMethodAccessorImpl.invoke(DelegatingMethodAccessorImpl.java:43)
	at java.lang.reflect.Method.invoke(Method.java:498)
	at org.testng.internal.MethodInvocationHelper.invokeMethod(MethodInvocationHelper.java:124)
	at org.testng.internal.MethodInvocationHelper.invokeMethodConsideringTimeout(MethodInvocationHelper.java:59)
	at org.testng.internal.Invoker.invokeConfigurationMethod(Invoker.java:458)
	at org.testng.internal.Invoker.invokeConfigurations(Invoker.java:222)
	at org.testng.internal.Invoker.invokeMethod(Invoker.java:523)
	at org.testng.internal.Invoker.invokeTestMethod(Invoker.java:719)
	at org.testng.internal.Invoker.invokeTestMethods(Invoker.java:989)
	at org.testng.internal.TestMethodWorker.invokeTestMethods(TestMethodWorker.java:125)
	at org.testng.internal.TestMethodWorker.run(TestMethodWorker.java:109)
	at org.testng.TestRunner.privateRun(TestRunner.java:648)
	at org.testng.TestRunner.run(TestRunner.java:505)
	at org.testng.SuiteRunner.runTest(SuiteRunner.java:455)
	at org.testng.SuiteRunner.runSequentially(SuiteRunner.java:450)
	at org.testng.SuiteRunner.privateRun(SuiteRunner.java:415)
	at org.testng.SuiteRunner.run(SuiteRunner.java:364)
	at org.testng.SuiteRunnerWorker.runSuite(SuiteRunnerWorker.java:52)
	at org.testng.SuiteRunnerWorker.run(SuiteRunnerWorker.java:84)
	at org.testng.TestNG.runSuitesSequentially(TestNG.java:1208)
	at org.testng.TestNG.runSuitesLocally(TestNG.java:1137)
	at org.testng.TestNG.runSuites(TestNG.java:1049)
	at org.testng.TestNG.run(TestNG.java:1017)
	at org.apache.maven.surefire.testng.TestNGExecutor.run(TestNGExecutor.java:284)
	at org.apache.maven.surefire.testng.TestNGXmlTestSuite.execute(TestNGXmlTestSuite.java:75)
	at org.apache.maven.surefire.testng.TestNGProvider.invoke(TestNGProvider.java:119)
	at org.apache.maven.surefire.booter.ForkedBooter.runSuitesInProcess(ForkedBooter.java:428)
	at org.apache.maven.surefire.booter.ForkedBooter.execute(ForkedBooter.java:162)
	at org.apache.maven.surefire.booter.ForkedBooter.run(ForkedBooter.java:562)
	at org.apache.maven.surefire.booter.ForkedBooter.main(ForkedBooter.java:548)
</pre></div></td>
<td>0</td>
<td>com.crm.qa.testcases.ContactPageTest@5034c75a</td></tr>
<tr>
<td title='com.crm.qa.testcases.ContactPageTest.verifyContactlabel()'><b>verifyContactlabel</b><br>Test class: com.crm.qa.testcases.ContactPageTest</td>
<td><div><pre>org.openqa.selenium.SessionNotCreatedException: session not created
from timeout: Timed out receiving message from renderer: 600.000
  (Session info: chrome=87.0.4280.141)
Build info: version: &apos;3.141.59&apos;, revision: &apos;e82be7d358&apos;, time: &apos;2018-11-14T08:17:03&apos;
System info: host: &apos;PARITAPATEL&apos;, ip: &apos;192.168.0.23&apos;, os.name: &apos;Windows 10&apos;, os.arch: &apos;amd64&apos;, os.version: &apos;10.0&apos;, java.version: &apos;1.8.0_261&apos;
Driver info: driver.version: ChromeDriver
remote stacktrace: Backtrace:
	Ordinal0 [0x009EC013+3194899]
	Ordinal0 [0x008D6021+2056225]
	Ordinal0 [0x0076F608+587272]
	Ordinal0 [0x007636EC+538348]
	Ordinal0 [0x00762A6F+535151]
	Ordinal0 [0x00762E45+536133]
	Ordinal0 [0x007627A5+534437]
	Ordinal0 [0x0076BBC9+572361]
	Ordinal0 [0x00762754+534356]
	Ordinal0 [0x00763475+537717]
	Ordinal0 [0x00762A6F+535151]
	Ordinal0 [0x00762E45+536133]
	Ordinal0 [0x007627A5+534437]
	Ordinal0 [0x00769EFE+564990]
	Ordinal0 [0x00762754+534356]
	Ordinal0 [0x00763475+537717]
	Ordinal0 [0x00762A6F+535151]
	Ordinal0 [0x00762E45+536133]
	Ordinal0 [0x007627A5+534437]
	Ordinal0 [0x00768186+557446]
	Ordinal0 [0x00762754+534356]
	Ordinal0 [0x00763475+537717]
	Ordinal0 [0x00762A6F+535151]
	Ordinal0 [0x00762E45+536133]
	Ordinal0 [0x007627A5+534437]
	Ordinal0 [0x007674A7+554151]
	Ordinal0 [0x00762754+534356]
	Ordinal0 [0x00763475+537717]
	Ordinal0 [0x00762A6F+535151]
	Ordinal0 [0x00762E45+536133]
	Ordinal0 [0x007627A5+534437]
	Ordinal0 [0x0075F06C+520300]
	Ordinal0 [0x00762754+534356]
	Ordinal0 [0x007625BF+533951]
	Ordinal0 [0x007623D3+533459]
	Ordinal0 [0x00770620+591392]
	Ordinal0 [0x00712A0C+207372]
	Ordinal0 [0x00711D0D+204045]
	Ordinal0 [0x0070FC1B+195611]
	Ordinal0 [0x006F3B7F+80767]
	Ordinal0 [0x006F4B4E+84814]
	Ordinal0 [0x006F4AD9+84697]
	Ordinal0 [0x008ECE64+2149988]
	GetHandleVerifier [0x00B5BE95+1400773]
	GetHandleVerifier [0x00B5BB61+1399953]
	GetHandleVerifier [0x00B631FA+1430314]
	GetHandleVerifier [0x00B5C69F+1402831]
	Ordinal0 [0x008E3D61+2112865]
	Ordinal0 [0x008EE5CB+2155979]
	Ordinal0 [0x008EE6F5+2156277]
	Ordinal0 [0x008FF26E+2224750]
	BaseThreadInitThunk [0x764BFA29+25]
	RtlGetAppContainerNamedObjectPath [0x772D75F4+228]
	RtlGetAppContainerNamedObjectPath [0x772D75C4+180]

	at org.openqa.selenium.remote.W3CHandshakeResponse.lambda$errorHandler$0(W3CHandshakeResponse.java:62)
	at org.openqa.selenium.remote.HandshakeResponse.lambda$getResponseFunction$0(HandshakeResponse.java:30)
	at org.openqa.selenium.remote.ProtocolHandshake.lambda$createSession$0(ProtocolHandshake.java:126)
	at java.util.stream.ReferencePipeline$3$1.accept(ReferencePipeline.java:193)
	at java.util.Spliterators$ArraySpliterator.tryAdvance(Spliterators.java:958)
	at java.util.stream.ReferencePipeline.forEachWithCancel(ReferencePipeline.java:126)
	at java.util.stream.AbstractPipeline.copyIntoWithCancel(AbstractPipeline.java:499)
	at java.util.stream.AbstractPipeline.copyInto(AbstractPipeline.java:486)
	at java.util.stream.AbstractPipeline.wrapAndCopyInto(AbstractPipeline.java:472)
	at java.util.stream.FindOps$FindOp.evaluateSequential(FindOps.java:152)
	at java.util.stream.AbstractPipeline.evaluate(AbstractPipeline.java:234)
	at java.util.stream.ReferencePipeline.findFirst(ReferencePipeline.java:464)
	at org.openqa.selenium.remote.ProtocolHandshake.createSession(ProtocolHandshake.java:128)
	at org.openqa.selenium.remote.ProtocolHandshake.createSession(ProtocolHandshake.java:74)
	at org.openqa.selenium.remote.HttpCommandExecutor.execute(HttpCommandExecutor.java:136)
	at org.openqa.selenium.remote.service.DriverCommandExecutor.execute(DriverCommandExecutor.java:83)
	at org.openqa.selenium.remote.RemoteWebDriver.execute(RemoteWebDriver.java:552)
	at org.openqa.selenium.remote.RemoteWebDriver.startSession(RemoteWebDriver.java:213)
	at org.openqa.selenium.remote.RemoteWebDriver.&lt;init&gt;(RemoteWebDriver.java:131)
	at org.openqa.selenium.chrome.ChromeDriver.&lt;init&gt;(ChromeDriver.java:181)
	at org.openqa.selenium.chrome.ChromeDriver.&lt;init&gt;(ChromeDriver.java:168)
	at org.openqa.selenium.chrome.ChromeDriver.&lt;init&gt;(ChromeDriver.java:123)
	at com.crm.qa.base.TestBase.intialization(TestBase.java:41)
	at com.crm.qa.testcases.ContactPageTest.setUp(ContactPageTest.java:30)
... Removed 36 stack frames</pre></div><a href='#' onClick='toggleBox("stack-trace2035381640", this, "Click to show all stack frames", "Click to hide stack frames")'>Click to show all stack frames</a>
<div class='stack-trace' id='stack-trace2035381640'><pre>org.openqa.selenium.SessionNotCreatedException: session not created
from timeout: Timed out receiving message from renderer: 600.000
  (Session info: chrome=87.0.4280.141)
Build info: version: &apos;3.141.59&apos;, revision: &apos;e82be7d358&apos;, time: &apos;2018-11-14T08:17:03&apos;
System info: host: &apos;PARITAPATEL&apos;, ip: &apos;192.168.0.23&apos;, os.name: &apos;Windows 10&apos;, os.arch: &apos;amd64&apos;, os.version: &apos;10.0&apos;, java.version: &apos;1.8.0_261&apos;
Driver info: driver.version: ChromeDriver
remote stacktrace: Backtrace:
	Ordinal0 [0x009EC013+3194899]
	Ordinal0 [0x008D6021+2056225]
	Ordinal0 [0x0076F608+587272]
	Ordinal0 [0x007636EC+538348]
	Ordinal0 [0x00762A6F+535151]
	Ordinal0 [0x00762E45+536133]
	Ordinal0 [0x007627A5+534437]
	Ordinal0 [0x0076BBC9+572361]
	Ordinal0 [0x00762754+534356]
	Ordinal0 [0x00763475+537717]
	Ordinal0 [0x00762A6F+535151]
	Ordinal0 [0x00762E45+536133]
	Ordinal0 [0x007627A5+534437]
	Ordinal0 [0x00769EFE+564990]
	Ordinal0 [0x00762754+534356]
	Ordinal0 [0x00763475+537717]
	Ordinal0 [0x00762A6F+535151]
	Ordinal0 [0x00762E45+536133]
	Ordinal0 [0x007627A5+534437]
	Ordinal0 [0x00768186+557446]
	Ordinal0 [0x00762754+534356]
	Ordinal0 [0x00763475+537717]
	Ordinal0 [0x00762A6F+535151]
	Ordinal0 [0x00762E45+536133]
	Ordinal0 [0x007627A5+534437]
	Ordinal0 [0x007674A7+554151]
	Ordinal0 [0x00762754+534356]
	Ordinal0 [0x00763475+537717]
	Ordinal0 [0x00762A6F+535151]
	Ordinal0 [0x00762E45+536133]
	Ordinal0 [0x007627A5+534437]
	Ordinal0 [0x0075F06C+520300]
	Ordinal0 [0x00762754+534356]
	Ordinal0 [0x007625BF+533951]
	Ordinal0 [0x007623D3+533459]
	Ordinal0 [0x00770620+591392]
	Ordinal0 [0x00712A0C+207372]
	Ordinal0 [0x00711D0D+204045]
	Ordinal0 [0x0070FC1B+195611]
	Ordinal0 [0x006F3B7F+80767]
	Ordinal0 [0x006F4B4E+84814]
	Ordinal0 [0x006F4AD9+84697]
	Ordinal0 [0x008ECE64+2149988]
	GetHandleVerifier [0x00B5BE95+1400773]
	GetHandleVerifier [0x00B5BB61+1399953]
	GetHandleVerifier [0x00B631FA+1430314]
	GetHandleVerifier [0x00B5C69F+1402831]
	Ordinal0 [0x008E3D61+2112865]
	Ordinal0 [0x008EE5CB+2155979]
	Ordinal0 [0x008EE6F5+2156277]
	Ordinal0 [0x008FF26E+2224750]
	BaseThreadInitThunk [0x764BFA29+25]
	RtlGetAppContainerNamedObjectPath [0x772D75F4+228]
	RtlGetAppContainerNamedObjectPath [0x772D75C4+180]

	at sun.reflect.NativeConstructorAccessorImpl.newInstance0(Native Method)
	at sun.reflect.NativeConstructorAccessorImpl.newInstance(NativeConstructorAccessorImpl.java:62)
	at sun.reflect.DelegatingConstructorAccessorImpl.newInstance(DelegatingConstructorAccessorImpl.java:45)
	at java.lang.reflect.Constructor.newInstance(Constructor.java:423)
	at org.openqa.selenium.remote.W3CHandshakeResponse.lambda$errorHandler$0(W3CHandshakeResponse.java:62)
	at org.openqa.selenium.remote.HandshakeResponse.lambda$getResponseFunction$0(HandshakeResponse.java:30)
	at org.openqa.selenium.remote.ProtocolHandshake.lambda$createSession$0(ProtocolHandshake.java:126)
	at java.util.stream.ReferencePipeline$3$1.accept(ReferencePipeline.java:193)
	at java.util.Spliterators$ArraySpliterator.tryAdvance(Spliterators.java:958)
	at java.util.stream.ReferencePipeline.forEachWithCancel(ReferencePipeline.java:126)
	at java.util.stream.AbstractPipeline.copyIntoWithCancel(AbstractPipeline.java:499)
	at java.util.stream.AbstractPipeline.copyInto(AbstractPipeline.java:486)
	at java.util.stream.AbstractPipeline.wrapAndCopyInto(AbstractPipeline.java:472)
	at java.util.stream.FindOps$FindOp.evaluateSequential(FindOps.java:152)
	at java.util.stream.AbstractPipeline.evaluate(AbstractPipeline.java:234)
	at java.util.stream.ReferencePipeline.findFirst(ReferencePipeline.java:464)
	at org.openqa.selenium.remote.ProtocolHandshake.createSession(ProtocolHandshake.java:128)
	at org.openqa.selenium.remote.ProtocolHandshake.createSession(ProtocolHandshake.java:74)
	at org.openqa.selenium.remote.HttpCommandExecutor.execute(HttpCommandExecutor.java:136)
	at org.openqa.selenium.remote.service.DriverCommandExecutor.execute(DriverCommandExecutor.java:83)
	at org.openqa.selenium.remote.RemoteWebDriver.execute(RemoteWebDriver.java:552)
	at org.openqa.selenium.remote.RemoteWebDriver.startSession(RemoteWebDriver.java:213)
	at org.openqa.selenium.remote.RemoteWebDriver.&lt;init&gt;(RemoteWebDriver.java:131)
	at org.openqa.selenium.chrome.ChromeDriver.&lt;init&gt;(ChromeDriver.java:181)
	at org.openqa.selenium.chrome.ChromeDriver.&lt;init&gt;(ChromeDriver.java:168)
	at org.openqa.selenium.chrome.ChromeDriver.&lt;init&gt;(ChromeDriver.java:123)
	at com.crm.qa.base.TestBase.intialization(TestBase.java:41)
	at com.crm.qa.testcases.ContactPageTest.setUp(ContactPageTest.java:30)
	at sun.reflect.NativeMethodAccessorImpl.invoke0(Native Method)
	at sun.reflect.NativeMethodAccessorImpl.invoke(NativeMethodAccessorImpl.java:62)
	at sun.reflect.DelegatingMethodAccessorImpl.invoke(DelegatingMethodAccessorImpl.java:43)
	at java.lang.reflect.Method.invoke(Method.java:498)
	at org.testng.internal.MethodInvocationHelper.invokeMethod(MethodInvocationHelper.java:124)
	at org.testng.internal.MethodInvocationHelper.invokeMethodConsideringTimeout(MethodInvocationHelper.java:59)
	at org.testng.internal.Invoker.invokeConfigurationMethod(Invoker.java:458)
	at org.testng.internal.Invoker.invokeConfigurations(Invoker.java:222)
	at org.testng.internal.Invoker.invokeMethod(Invoker.java:523)
	at org.testng.internal.Invoker.invokeTestMethod(Invoker.java:719)
	at org.testng.internal.Invoker.invokeTestMethods(Invoker.java:989)
	at org.testng.internal.TestMethodWorker.invokeTestMethods(TestMethodWorker.java:125)
	at org.testng.internal.TestMethodWorker.run(TestMethodWorker.java:109)
	at org.testng.TestRunner.privateRun(TestRunner.java:648)
	at org.testng.TestRunner.run(TestRunner.java:505)
	at org.testng.SuiteRunner.runTest(SuiteRunner.java:455)
	at org.testng.SuiteRunner.runSequentially(SuiteRunner.java:450)
	at org.testng.SuiteRunner.privateRun(SuiteRunner.java:415)
	at org.testng.SuiteRunner.run(SuiteRunner.java:364)
	at org.testng.SuiteRunnerWorker.runSuite(SuiteRunnerWorker.java:52)
	at org.testng.SuiteRunnerWorker.run(SuiteRunnerWorker.java:84)
	at org.testng.TestNG.runSuitesSequentially(TestNG.java:1208)
	at org.testng.TestNG.runSuitesLocally(TestNG.java:1137)
	at org.testng.TestNG.runSuites(TestNG.java:1049)
	at org.testng.TestNG.run(TestNG.java:1017)
	at org.apache.maven.surefire.testng.TestNGExecutor.run(TestNGExecutor.java:284)
	at org.apache.maven.surefire.testng.TestNGXmlTestSuite.execute(TestNGXmlTestSuite.java:75)
	at org.apache.maven.surefire.testng.TestNGProvider.invoke(TestNGProvider.java:119)
	at org.apache.maven.surefire.booter.ForkedBooter.runSuitesInProcess(ForkedBooter.java:428)
	at org.apache.maven.surefire.booter.ForkedBooter.execute(ForkedBooter.java:162)
	at org.apache.maven.surefire.booter.ForkedBooter.run(ForkedBooter.java:562)
	at org.apache.maven.surefire.booter.ForkedBooter.main(ForkedBooter.java:548)
</pre></div></td>
<td>0</td>
<td>com.crm.qa.testcases.ContactPageTest@5034c75a</td></tr>
</table><p>
</body>
</html>