<?xml version="1.0" encoding="UTF-8"?>
<!-- Generated by org.testng.reporters.JUnitXMLReporter -->
<testsuite hostname="ParitaPatel" ignored="0" name="Free CRM App Test Cases" tests="8" failures="0" timestamp="08 Feb 2021 11:20:28 GMT" time="688.292" errors="0">
  <testcase name="@BeforeMethod setUp" time="603.487" classname="com.crm.qa.testcases.ContactPageTest">
    <failure type="org.openqa.selenium.SessionNotCreatedException" message="session not created
from timeout: Timed out receiving message from renderer: 600.000
  (Session info: chrome=87.0.4280.141)
Build info: version: &amp;apos;3.141.59&amp;apos;, revision: &amp;apos;e82be7d358&amp;apos;, time: &amp;apos;2018-11-14T08:17:03&amp;apos;
System info: host: &amp;apos;PARITAPATEL&amp;apos;, ip: &amp;apos;192.168.0.23&amp;apos;, os.name: &amp;apos;Windows 10&amp;apos;, os.arch: &amp;apos;amd64&amp;apos;, os.version: &amp;apos;10.0&amp;apos;, java.version: &amp;apos;1.8.0_261&amp;apos;
Driver info: driver.version: ChromeDriver
remote stacktrace: Backtrace:
	Ordinal0 [0x009EC013+3194899]
	Ordinal0 [0x008D6021+2056225]
	Ordinal0 [0x0076F608+587272]
	Ordinal0 [0x007636EC+538348]
	Ordinal0 [0x00762A6F+535151]
	Ordinal0 [0x00762E45+536133]
	Ordinal0 [0x007627A5+534437]
	Ordinal0 [0x0076BBC9+572361]
	Ordinal0 [0x00762754+534356]
	Ordinal0 [0x00763475+537717]
	Ordinal0 [0x00762A6F+535151]
	Ordinal0 [0x00762E45+536133]
	Ordinal0 [0x007627A5+534437]
	Ordinal0 [0x00769EFE+564990]
	Ordinal0 [0x00762754+534356]
	Ordinal0 [0x00763475+537717]
	Ordinal0 [0x00762A6F+535151]
	Ordinal0 [0x00762E45+536133]
	Ordinal0 [0x007627A5+534437]
	Ordinal0 [0x00768186+557446]
	Ordinal0 [0x00762754+534356]
	Ordinal0 [0x00763475+537717]
	Ordinal0 [0x00762A6F+535151]
	Ordinal0 [0x00762E45+536133]
	Ordinal0 [0x007627A5+534437]
	Ordinal0 [0x007674A7+554151]
	Ordinal0 [0x00762754+534356]
	Ordinal0 [0x00763475+537717]
	Ordinal0 [0x00762A6F+535151]
	Ordinal0 [0x00762E45+536133]
	Ordinal0 [0x007627A5+534437]
	Ordinal0 [0x0075F06C+520300]
	Ordinal0 [0x00762754+534356]
	Ordinal0 [0x007625BF+533951]
	Ordinal0 [0x007623D3+533459]
	Ordinal0 [0x00770620+591392]
	Ordinal0 [0x00712A0C+207372]
	Ordinal0 [0x00711D0D+204045]
	Ordinal0 [0x0070FC1B+195611]
	Ordinal0 [0x006F3B7F+80767]
	Ordinal0 [0x006F4B4E+84814]
	Ordinal0 [0x006F4AD9+84697]
	Ordinal0 [0x008ECE64+2149988]
	GetHandleVerifier [0x00B5BE95+1400773]
	GetHandleVerifier [0x00B5BB61+1399953]
	GetHandleVerifier [0x00B631FA+1430314]
	GetHandleVerifier [0x00B5C69F+1402831]
	Ordinal0 [0x008E3D61+2112865]
	Ordinal0 [0x008EE5CB+2155979]
	Ordinal0 [0x008EE6F5+2156277]
	Ordinal0 [0x008FF26E+2224750]
	BaseThreadInitThunk [0x764BFA29+25]
	RtlGetAppContainerNamedObjectPath [0x772D75F4+228]
	RtlGetAppContainerNamedObjectPath [0x772D75C4+180]
">
      <![CDATA[org.openqa.selenium.SessionNotCreatedException: session not created
from timeout: Timed out receiving message from renderer: 600.000
  (Session info: chrome=87.0.4280.141)
Build info: version: '3.141.59', revision: 'e82be7d358', time: '2018-11-14T08:17:03'
System info: host: 'PARITAPATEL', ip: '192.168.0.23', os.name: 'Windows 10', os.arch: 'amd64', os.version: '10.0', java.version: '1.8.0_261'
Driver info: driver.version: ChromeDriver
remote stacktrace: Backtrace:
Ordinal0 [0x009EC013+3194899]
Ordinal0 [0x008D6021+2056225]
Ordinal0 [0x0076F608+587272]
Ordinal0 [0x007636EC+538348]
Ordinal0 [0x00762A6F+535151]
Ordinal0 [0x00762E45+536133]
Ordinal0 [0x007627A5+534437]
Ordinal0 [0x0076BBC9+572361]
Ordinal0 [0x00762754+534356]
Ordinal0 [0x00763475+537717]
Ordinal0 [0x00762A6F+535151]
Ordinal0 [0x00762E45+536133]
Ordinal0 [0x007627A5+534437]
Ordinal0 [0x00769EFE+564990]
Ordinal0 [0x00762754+534356]
Ordinal0 [0x00763475+537717]
Ordinal0 [0x00762A6F+535151]
Ordinal0 [0x00762E45+536133]
Ordinal0 [0x007627A5+534437]
Ordinal0 [0x00768186+557446]
Ordinal0 [0x00762754+534356]
Ordinal0 [0x00763475+537717]
Ordinal0 [0x00762A6F+535151]
Ordinal0 [0x00762E45+536133]
Ordinal0 [0x007627A5+534437]
Ordinal0 [0x007674A7+554151]
Ordinal0 [0x00762754+534356]
Ordinal0 [0x00763475+537717]
Ordinal0 [0x00762A6F+535151]
Ordinal0 [0x00762E45+536133]
Ordinal0 [0x007627A5+534437]
Ordinal0 [0x0075F06C+520300]
Ordinal0 [0x00762754+534356]
Ordinal0 [0x007625BF+533951]
Ordinal0 [0x007623D3+533459]
Ordinal0 [0x00770620+591392]
Ordinal0 [0x00712A0C+207372]
Ordinal0 [0x00711D0D+204045]
Ordinal0 [0x0070FC1B+195611]
Ordinal0 [0x006F3B7F+80767]
Ordinal0 [0x006F4B4E+84814]
Ordinal0 [0x006F4AD9+84697]
Ordinal0 [0x008ECE64+2149988]
GetHandleVerifier [0x00B5BE95+1400773]
GetHandleVerifier [0x00B5BB61+1399953]
GetHandleVerifier [0x00B631FA+1430314]
GetHandleVerifier [0x00B5C69F+1402831]
Ordinal0 [0x008E3D61+2112865]
Ordinal0 [0x008EE5CB+2155979]
Ordinal0 [0x008EE6F5+2156277]
Ordinal0 [0x008FF26E+2224750]
BaseThreadInitThunk [0x764BFA29+25]
RtlGetAppContainerNamedObjectPath [0x772D75F4+228]
RtlGetAppContainerNamedObjectPath [0x772D75C4+180]

at org.openqa.selenium.remote.W3CHandshakeResponse.lambda$errorHandler$0(W3CHandshakeResponse.java:62)
at org.openqa.selenium.remote.HandshakeResponse.lambda$getResponseFunction$0(HandshakeResponse.java:30)
at org.openqa.selenium.remote.ProtocolHandshake.lambda$createSession$0(ProtocolHandshake.java:126)
at java.util.stream.ReferencePipeline$3$1.accept(ReferencePipeline.java:193)
at java.util.Spliterators$ArraySpliterator.tryAdvance(Spliterators.java:958)
at java.util.stream.ReferencePipeline.forEachWithCancel(ReferencePipeline.java:126)
at java.util.stream.AbstractPipeline.copyIntoWithCancel(AbstractPipeline.java:499)
at java.util.stream.AbstractPipeline.copyInto(AbstractPipeline.java:486)
at java.util.stream.AbstractPipeline.wrapAndCopyInto(AbstractPipeline.java:472)
at java.util.stream.FindOps$FindOp.evaluateSequential(FindOps.java:152)
at java.util.stream.AbstractPipeline.evaluate(AbstractPipeline.java:234)
at java.util.stream.ReferencePipeline.findFirst(ReferencePipeline.java:464)
at org.openqa.selenium.remote.ProtocolHandshake.createSession(ProtocolHandshake.java:128)
at org.openqa.selenium.remote.ProtocolHandshake.createSession(ProtocolHandshake.java:74)
at org.openqa.selenium.remote.HttpCommandExecutor.execute(HttpCommandExecutor.java:136)
at org.openqa.selenium.remote.service.DriverCommandExecutor.execute(DriverCommandExecutor.java:83)
at org.openqa.selenium.remote.RemoteWebDriver.execute(RemoteWebDriver.java:552)
at org.openqa.selenium.remote.RemoteWebDriver.startSession(RemoteWebDriver.java:213)
at org.openqa.selenium.remote.RemoteWebDriver.<init>(RemoteWebDriver.java:131)
at org.openqa.selenium.chrome.ChromeDriver.<init>(ChromeDriver.java:181)
at org.openqa.selenium.chrome.ChromeDriver.<init>(ChromeDriver.java:168)
at org.openqa.selenium.chrome.ChromeDriver.<init>(ChromeDriver.java:123)
at com.crm.qa.base.TestBase.intialization(TestBase.java:41)
at com.crm.qa.testcases.ContactPageTest.setUp(ContactPageTest.java:30)
... Removed 36 stack frames]]>
    </failure>
  </testcase> <!-- @BeforeMethod setUp -->
  <testcase name="@AfterMethod tearDown" time="0.0" classname="com.crm.qa.testcases.ContactPageTest">
    <skipped/>
  </testcase> <!-- @AfterMethod tearDown -->
  <testcase name="@BeforeMethod setUp" time="0.0" classname="com.crm.qa.testcases.ContactPageTest">
    <skipped/>
  </testcase> <!-- @BeforeMethod setUp -->
  <testcase name="@AfterMethod tearDown" time="0.0" classname="com.crm.qa.testcases.ContactPageTest">
    <skipped/>
  </testcase> <!-- @AfterMethod tearDown -->
  <testcase name="loginPageTitleTest" time="0.066" classname="com.crm.qa.testcases.LoginPageTest"/>
  <testcase name="verifyHomePageTitleTest" time="0.027" classname="com.crm.qa.testcases.HomePageTest"/>
  <testcase name="verifyContactlabel" time="0.0" classname="com.crm.qa.testcases.ContactPageTest">
    <skipped/>
  </testcase> <!-- verifyContactlabel -->
  <testcase name="crmLogoImageTest" time="1.336" classname="com.crm.qa.testcases.LoginPageTest"/>
  <testcase name="veryUserNameTest" time="1.914" classname="com.crm.qa.testcases.HomePageTest"/>
  <testcase name="validateCreateNewContact" time="0.0" classname="com.crm.qa.testcases.ContactPageTest">
    <skipped/>
  </testcase> <!-- validateCreateNewContact -->
  <testcase name="loginTest" time="3.05" classname="com.crm.qa.testcases.LoginPageTest"/>
  <testcase name="verifyContacrLink" time="1.755" classname="com.crm.qa.testcases.HomePageTest"/>
</testsuite> <!-- Free CRM App Test Cases -->
