<?xml version="1.0" encoding="UTF-8"?>
<!-- Generated by org.testng.reporters.JUnitReportReporter -->
<testsuite skipped="2" hostname="ParitaPatel" name="com.crm.qa.testcases.ContactPageTest" tests="3" failures="0" timestamp="08 Feb 2021 11:20:29 GMT" time="603.487" errors="1">
  <testcase name="setUp" time="603.487" classname="com.crm.qa.testcases.ContactPageTest">
    <error type="org.openqa.selenium.SessionNotCreatedException" message="session not created
from timeout: Timed out receiving message from renderer: 600.000
  (Session info: chrome=87.0.4280.141)
Build info: version: &#039;3.141.59&#039;, revision: &#039;e82be7d358&#039;, time: &#039;2018-11-14T08:17:03&#039;
System info: host: &#039;PARITAPATEL&#039;, ip: &#039;192.168.0.23&#039;, os.name: &#039;Windows 10&#039;, os.arch: &#039;amd64&#039;, os.version: &#039;10.0&#039;, java.version: &#039;1.8.0_261&#039;
Driver info: driver.version: ChromeDriver
remote stacktrace: Backtrace:
	Ordinal0 [0x009EC013+3194899]
	Ordinal0 [0x008D6021+2056225]
	Ordinal0 [0x0076F608+587272]
	Ordinal0 [0x007636EC+538348]
	Ordinal0 [0x00762A6F+535151]
	Ordinal0 [0x00762E45+536133]
	Ordinal0 [0x007627A5+534437]
	Ordinal0 [0x0076BBC9+572361]
	Ordinal0 [0x00762754+534356]
	Ordinal0 [0x00763475+537717]
	Ordinal0 [0x00762A6F+535151]
	Ordinal0 [0x00762E45+536133]
	Ordinal0 [0x007627A5+534437]
	Ordinal0 [0x00769EFE+564990]
	Ordinal0 [0x00762754+534356]
	Ordinal0 [0x00763475+537717]
	Ordinal0 [0x00762A6F+535151]
	Ordinal0 [0x00762E45+536133]
	Ordinal0 [0x007627A5+534437]
	Ordinal0 [0x00768186+557446]
	Ordinal0 [0x00762754+534356]
	Ordinal0 [0x00763475+537717]
	Ordinal0 [0x00762A6F+535151]
	Ordinal0 [0x00762E45+536133]
	Ordinal0 [0x007627A5+534437]
	Ordinal0 [0x007674A7+554151]
	Ordinal0 [0x00762754+534356]
	Ordinal0 [0x00763475+537717]
	Ordinal0 [0x00762A6F+535151]
	Ordinal0 [0x00762E45+536133]
	Ordinal0 [0x007627A5+534437]
	Ordinal0 [0x0075F06C+520300]
	Ordinal0 [0x00762754+534356]
	Ordinal0 [0x007625BF+533951]
	Ordinal0 [0x007623D3+533459]
	Ordinal0 [0x00770620+591392]
	Ordinal0 [0x00712A0C+207372]
	Ordinal0 [0x00711D0D+204045]
	Ordinal0 [0x0070FC1B+195611]
	Ordinal0 [0x006F3B7F+80767]
	Ordinal0 [0x006F4B4E+84814]
	Ordinal0 [0x006F4AD9+84697]
	Ordinal0 [0x008ECE64+2149988]
	GetHandleVerifier [0x00B5BE95+1400773]
	GetHandleVerifier [0x00B5BB61+1399953]
	GetHandleVerifier [0x00B631FA+1430314]
	GetHandleVerifier [0x00B5C69F+1402831]
	Ordinal0 [0x008E3D61+2112865]
	Ordinal0 [0x008EE5CB+2155979]
	Ordinal0 [0x008EE6F5+2156277]
	Ordinal0 [0x008FF26E+2224750]
	BaseThreadInitThunk [0x764BFA29+25]
	RtlGetAppContainerNamedObjectPath [0x772D75F4+228]
	RtlGetAppContainerNamedObjectPath [0x772D75C4+180]
">
      <![CDATA[org.openqa.selenium.SessionNotCreatedException: session not created
from timeout: Timed out receiving message from renderer: 600.000
  (Session info: chrome=87.0.4280.141)
Build info: version: '3.141.59', revision: 'e82be7d358', time: '2018-11-14T08:17:03'
System info: host: 'PARITAPATEL', ip: '192.168.0.23', os.name: 'Windows 10', os.arch: 'amd64', os.version: '10.0', java.version: '1.8.0_261'
Driver info: driver.version: ChromeDriver
remote stacktrace: Backtrace:
Ordinal0 [0x009EC013+3194899]
Ordinal0 [0x008D6021+2056225]
Ordinal0 [0x0076F608+587272]
Ordinal0 [0x007636EC+538348]
Ordinal0 [0x00762A6F+535151]
Ordinal0 [0x00762E45+536133]
Ordinal0 [0x007627A5+534437]
Ordinal0 [0x0076BBC9+572361]
Ordinal0 [0x00762754+534356]
Ordinal0 [0x00763475+537717]
Ordinal0 [0x00762A6F+535151]
Ordinal0 [0x00762E45+536133]
Ordinal0 [0x007627A5+534437]
Ordinal0 [0x00769EFE+564990]
Ordinal0 [0x00762754+534356]
Ordinal0 [0x00763475+537717]
Ordinal0 [0x00762A6F+535151]
Ordinal0 [0x00762E45+536133]
Ordinal0 [0x007627A5+534437]
Ordinal0 [0x00768186+557446]
Ordinal0 [0x00762754+534356]
Ordinal0 [0x00763475+537717]
Ordinal0 [0x00762A6F+535151]
Ordinal0 [0x00762E45+536133]
Ordinal0 [0x007627A5+534437]
Ordinal0 [0x007674A7+554151]
Ordinal0 [0x00762754+534356]
Ordinal0 [0x00763475+537717]
Ordinal0 [0x00762A6F+535151]
Ordinal0 [0x00762E45+536133]
Ordinal0 [0x007627A5+534437]
Ordinal0 [0x0075F06C+520300]
Ordinal0 [0x00762754+534356]
Ordinal0 [0x007625BF+533951]
Ordinal0 [0x007623D3+533459]
Ordinal0 [0x00770620+591392]
Ordinal0 [0x00712A0C+207372]
Ordinal0 [0x00711D0D+204045]
Ordinal0 [0x0070FC1B+195611]
Ordinal0 [0x006F3B7F+80767]
Ordinal0 [0x006F4B4E+84814]
Ordinal0 [0x006F4AD9+84697]
Ordinal0 [0x008ECE64+2149988]
GetHandleVerifier [0x00B5BE95+1400773]
GetHandleVerifier [0x00B5BB61+1399953]
GetHandleVerifier [0x00B631FA+1430314]
GetHandleVerifier [0x00B5C69F+1402831]
Ordinal0 [0x008E3D61+2112865]
Ordinal0 [0x008EE5CB+2155979]
Ordinal0 [0x008EE6F5+2156277]
Ordinal0 [0x008FF26E+2224750]
BaseThreadInitThunk [0x764BFA29+25]
RtlGetAppContainerNamedObjectPath [0x772D75F4+228]
RtlGetAppContainerNamedObjectPath [0x772D75C4+180]

at sun.reflect.NativeConstructorAccessorImpl.newInstance0(Native Method)
at sun.reflect.NativeConstructorAccessorImpl.newInstance(NativeConstructorAccessorImpl.java:62)
at sun.reflect.DelegatingConstructorAccessorImpl.newInstance(DelegatingConstructorAccessorImpl.java:45)
at java.lang.reflect.Constructor.newInstance(Constructor.java:423)
at org.openqa.selenium.remote.W3CHandshakeResponse.lambda$errorHandler$0(W3CHandshakeResponse.java:62)
at org.openqa.selenium.remote.HandshakeResponse.lambda$getResponseFunction$0(HandshakeResponse.java:30)
at org.openqa.selenium.remote.ProtocolHandshake.lambda$createSession$0(ProtocolHandshake.java:126)
at java.util.stream.ReferencePipeline$3$1.accept(ReferencePipeline.java:193)
at java.util.Spliterators$ArraySpliterator.tryAdvance(Spliterators.java:958)
at java.util.stream.ReferencePipeline.forEachWithCancel(ReferencePipeline.java:126)
at java.util.stream.AbstractPipeline.copyIntoWithCancel(AbstractPipeline.java:499)
at java.util.stream.AbstractPipeline.copyInto(AbstractPipeline.java:486)
at java.util.stream.AbstractPipeline.wrapAndCopyInto(AbstractPipeline.java:472)
at java.util.stream.FindOps$FindOp.evaluateSequential(FindOps.java:152)
at java.util.stream.AbstractPipeline.evaluate(AbstractPipeline.java:234)
at java.util.stream.ReferencePipeline.findFirst(ReferencePipeline.java:464)
at org.openqa.selenium.remote.ProtocolHandshake.createSession(ProtocolHandshake.java:128)
at org.openqa.selenium.remote.ProtocolHandshake.createSession(ProtocolHandshake.java:74)
at org.openqa.selenium.remote.HttpCommandExecutor.execute(HttpCommandExecutor.java:136)
at org.openqa.selenium.remote.service.DriverCommandExecutor.execute(DriverCommandExecutor.java:83)
at org.openqa.selenium.remote.RemoteWebDriver.execute(RemoteWebDriver.java:552)
at org.openqa.selenium.remote.RemoteWebDriver.startSession(RemoteWebDriver.java:213)
at org.openqa.selenium.remote.RemoteWebDriver.<init>(RemoteWebDriver.java:131)
at org.openqa.selenium.chrome.ChromeDriver.<init>(ChromeDriver.java:181)
at org.openqa.selenium.chrome.ChromeDriver.<init>(ChromeDriver.java:168)
at org.openqa.selenium.chrome.ChromeDriver.<init>(ChromeDriver.java:123)
at com.crm.qa.base.TestBase.intialization(TestBase.java:41)
at com.crm.qa.testcases.ContactPageTest.setUp(ContactPageTest.java:30)
at sun.reflect.NativeMethodAccessorImpl.invoke0(Native Method)
at sun.reflect.NativeMethodAccessorImpl.invoke(NativeMethodAccessorImpl.java:62)
at sun.reflect.DelegatingMethodAccessorImpl.invoke(DelegatingMethodAccessorImpl.java:43)
at java.lang.reflect.Method.invoke(Method.java:498)
at org.testng.internal.MethodInvocationHelper.invokeMethod(MethodInvocationHelper.java:124)
at org.testng.internal.MethodInvocationHelper.invokeMethodConsideringTimeout(MethodInvocationHelper.java:59)
at org.testng.internal.Invoker.invokeConfigurationMethod(Invoker.java:458)
at org.testng.internal.Invoker.invokeConfigurations(Invoker.java:222)
at org.testng.internal.Invoker.invokeMethod(Invoker.java:523)
at org.testng.internal.Invoker.invokeTestMethod(Invoker.java:719)
at org.testng.internal.Invoker.invokeTestMethods(Invoker.java:989)
at org.testng.internal.TestMethodWorker.invokeTestMethods(TestMethodWorker.java:125)
at org.testng.internal.TestMethodWorker.run(TestMethodWorker.java:109)
at org.testng.TestRunner.privateRun(TestRunner.java:648)
at org.testng.TestRunner.run(TestRunner.java:505)
at org.testng.SuiteRunner.runTest(SuiteRunner.java:455)
at org.testng.SuiteRunner.runSequentially(SuiteRunner.java:450)
at org.testng.SuiteRunner.privateRun(SuiteRunner.java:415)
at org.testng.SuiteRunner.run(SuiteRunner.java:364)
at org.testng.SuiteRunnerWorker.runSuite(SuiteRunnerWorker.java:52)
at org.testng.SuiteRunnerWorker.run(SuiteRunnerWorker.java:84)
at org.testng.TestNG.runSuitesSequentially(TestNG.java:1208)
at org.testng.TestNG.runSuitesLocally(TestNG.java:1137)
at org.testng.TestNG.runSuites(TestNG.java:1049)
at org.testng.TestNG.run(TestNG.java:1017)
at org.apache.maven.surefire.testng.TestNGExecutor.run(TestNGExecutor.java:284)
at org.apache.maven.surefire.testng.TestNGXmlTestSuite.execute(TestNGXmlTestSuite.java:75)
at org.apache.maven.surefire.testng.TestNGProvider.invoke(TestNGProvider.java:119)
at org.apache.maven.surefire.booter.ForkedBooter.runSuitesInProcess(ForkedBooter.java:428)
at org.apache.maven.surefire.booter.ForkedBooter.execute(ForkedBooter.java:162)
at org.apache.maven.surefire.booter.ForkedBooter.run(ForkedBooter.java:562)
at org.apache.maven.surefire.booter.ForkedBooter.main(ForkedBooter.java:548)
]]>
    </error>
  </testcase> <!-- setUp -->
  <testcase name="verifyContactlabel" time="0.000" classname="com.crm.qa.testcases.ContactPageTest">
    <skipped/>
  </testcase> <!-- verifyContactlabel -->
  <testcase name="validateCreateNewContact" time="0.000" classname="com.crm.qa.testcases.ContactPageTest">
    <skipped/>
  </testcase> <!-- validateCreateNewContact -->
</testsuite> <!-- com.crm.qa.testcases.ContactPageTest -->
